Using pre-set license
Built from '2020.3/staging' branch; Version is '2020.3.46f1 (18bc01a066b4) revision 1620993'; Using compiler version '192528614'; Build Type 'Release'
OS: 'Windows 11  (10.0.22621) 64bit Core' Language: 'fr' Physical Memory: 16247 MB
BatchMode: 1, IsHumanControllingUs: 0, StartBugReporterOnCrash: 0, Is64bit: 1, IsPro: 0

COMMAND LINE ARGUMENTS:
C:\Program Files\Unity 2020.3.46f1\Editor\Unity.exe
-adb2
-batchMode
-noUpm
-name
AssetImportWorker0
-projectPath
C:/Users/alexi/Mon Drive/Unity/Projets/Game 2D
-logFile
Logs/AssetImportWorker0.log
-srvPort
60283
Successfully changed project path to: C:/Users/alexi/Mon Drive/Unity/Projets/Game 2D
C:/Users/alexi/Mon Drive/Unity/Projets/Game 2D
Using Asset Import Pipeline V2.
Player connection [25524] Host "[IP] 192.168.1.54 [Port] 805523936 [Flags] 2 [Guid] 439732582 [EditorId] 439732582 [Version] 1048832 [Id] WindowsEditor(7,DESKTOP-LTMOI1P) [Debug] 1 [PackageName] WindowsEditor [ProjectName] Editor" joined multi-casting on [225.0.0.222:54997]...

Player connection [25524] Host "[IP] 192.168.1.54 [Port] 805523936 [Flags] 2 [Guid] 439732582 [EditorId] 439732582 [Version] 1048832 [Id] WindowsEditor(7,DESKTOP-LTMOI1P) [Debug] 1 [PackageName] WindowsEditor [ProjectName] Editor" joined alternative multi-casting on [225.0.0.222:34997]...

Refreshing native plugins compatible for Editor in 109.76 ms, found 3 plugins.
Preloading 0 native plugins for Editor in 0.00 ms.
Initialize engine version: 2020.3.46f1 (18bc01a066b4)
[Subsystems] Discovering subsystems at path C:/Program Files/Unity 2020.3.46f1/Editor/Data/Resources/UnitySubsystems
[Subsystems] Discovering subsystems at path C:/Users/alexi/Mon Drive/Unity/Projets/Game 2D/Assets
GfxDevice: creating device client; threaded=0
Direct3D:
    Version:  Direct3D 11.0 [level 11.1]
    Renderer: NVIDIA GeForce GTX 1660 SUPER (ID=0x21c4)
    Vendor:   
    VRAM:     5980 MB
    Driver:   31.0.15.2656
Initialize mono
Mono path[0] = 'C:/Program Files/Unity 2020.3.46f1/Editor/Data/Managed'
Mono path[1] = 'C:/Program Files/Unity 2020.3.46f1/Editor/Data/MonoBleedingEdge/lib/mono/unityjit'
Mono config path = 'C:/Program Files/Unity 2020.3.46f1/Editor/Data/MonoBleedingEdge/etc'
Using monoOptions --debugger-agent=transport=dt_socket,embedding=1,server=y,suspend=n,address=127.0.0.1:56828
Begin MonoManager ReloadAssembly
Registering precompiled unity dll's ...
Register platform support module: C:/Program Files/Unity 2020.3.46f1/Editor/Data/PlaybackEngines/WindowsStandaloneSupport/UnityEditor.WindowsStandalone.Extensions.dll
Registered in 0.001887 seconds.
Native extension for WindowsStandalone target not found
Refreshing native plugins compatible for Editor in 75.20 ms, found 3 plugins.
Preloading 0 native plugins for Editor in 0.00 ms.
Mono: successfully reloaded assembly
- Completed reload, in  0.648 seconds
Domain Reload Profiling:
	ReloadAssembly (648ms)
		BeginReloadAssembly (80ms)
			ExecutionOrderSort (0ms)
			DisableScriptedObjects (0ms)
			BackupInstance (0ms)
			ReleaseScriptingObjects (0ms)
			CreateAndSetChildDomain (1ms)
		EndReloadAssembly (493ms)
			LoadAssemblies (79ms)
			RebuildTransferFunctionScriptingTraits (0ms)
			SetupTypeCache (160ms)
			ReleaseScriptCaches (0ms)
			RebuildScriptCaches (29ms)
			SetupLoadedEditorAssemblies (201ms)
				LogAssemblyErrors (0ms)
				InitializePlatformSupportModulesInManaged (4ms)
				SetLoadedEditorAssemblies (0ms)
				RefreshPlugins (75ms)
				BeforeProcessingInitializeOnLoad (16ms)
				ProcessInitializeOnLoadAttributes (77ms)
				ProcessInitializeOnLoadMethodAttributes (28ms)
				AfterProcessingInitializeOnLoad (0ms)
				EditorAssembliesLoaded (0ms)
			ExecutionOrderSort2 (0ms)
			AwakeInstancesAfterBackupRestoration (0ms)
Platform modules already initialized, skipping
Registering precompiled user dll's ...
Registered in 0.004097 seconds.
Begin MonoManager ReloadAssembly
Native extension for WindowsStandalone target not found
Refreshing native plugins compatible for Editor in 77.55 ms, found 3 plugins.
Preloading 0 native plugins for Editor in 0.00 ms.
Mono: successfully reloaded assembly
- Completed reload, in  2.269 seconds
Domain Reload Profiling:
	ReloadAssembly (2270ms)
		BeginReloadAssembly (144ms)
			ExecutionOrderSort (0ms)
			DisableScriptedObjects (5ms)
			BackupInstance (0ms)
			ReleaseScriptingObjects (0ms)
			CreateAndSetChildDomain (18ms)
		EndReloadAssembly (2060ms)
			LoadAssemblies (110ms)
			RebuildTransferFunctionScriptingTraits (0ms)
			SetupTypeCache (1370ms)
			ReleaseScriptCaches (1ms)
			RebuildScriptCaches (59ms)
			SetupLoadedEditorAssemblies (398ms)
				LogAssemblyErrors (0ms)
				InitializePlatformSupportModulesInManaged (4ms)
				SetLoadedEditorAssemblies (0ms)
				RefreshPlugins (78ms)
				BeforeProcessingInitializeOnLoad (97ms)
				ProcessInitializeOnLoadAttributes (198ms)
				ProcessInitializeOnLoadMethodAttributes (17ms)
				AfterProcessingInitializeOnLoad (5ms)
				EditorAssembliesLoaded (0ms)
			ExecutionOrderSort2 (0ms)
			AwakeInstancesAfterBackupRestoration (2ms)
Platform modules already initialized, skipping
========================================================================
Worker process is ready to serve import requests
Launched and connected shader compiler UnityShaderCompiler.exe after 0.08 seconds
Refreshing native plugins compatible for Editor in 0.65 ms, found 3 plugins.
Preloading 0 native plugins for Editor in 0.00 ms.
Unloading 3235 Unused Serialized files (Serialized files now loaded: 0)
System memory in use before: 160.8 MB.
System memory in use after: 161.0 MB.

Unloading 25 unused Assets to reduce memory usage. Loaded Objects now: 3697.
Total: 3.355300 ms (FindLiveObjects: 0.251100 ms CreateObjectMapping: 0.144300 ms MarkObjects: 2.928200 ms  DeleteObjects: 0.030700 ms)

AssetImportParameters requested are different than current active one (requested -> active):
  custom:framework-win-MediaFoundation: 216162199b28c13a410421893ffa2e32 -> 
  custom:video-decoder-ogg-theora: a1e56fd34408186e4bbccfd4996cb3dc -> 
  custom:container-muxer-webm: aa71ff27fc2769a1b78a27578f13a17b -> 
  custom:container-demuxer-webm: 4f35f7cbe854078d1ac9338744f61a02 -> 
  custom:container-demuxer-ogg: 62fdf1f143b41e24485cea50d1cbac27 -> 
  custom:video-encoder-webm-vp8: eb34c28f22e8b96e1ab97ce403110664 -> 
  custom:video-codec-MediaFoundation-h265: 746d11721c4dcdbdad8f713fa42b33f4 -> 
  custom:video-decoder-webm-vp8: 9c59270c3fd7afecdb556c50c9e8de78 -> 
  custom:audio-decoder-ogg-vorbis: bf7c407c2cedff20999df2af8eb42d56 -> 
  custom:audio-encoder-webm-vorbis: bf7c407c2cedff20999df2af8eb42d56 -> 
========================================================================
Received Import Request.
  path: Assets/Prefabs/Flying Key.prefab
  artifactKey: Guid(238172388d43ad04b93d014ebcb3f48f) Importer(815301076,1909f56bfc062723c751e8b465ee728b)
Start importing Assets/Prefabs/Flying Key.prefab using Guid(238172388d43ad04b93d014ebcb3f48f) Importer(815301076,1909f56bfc062723c751e8b465ee728b)  -> (artifact id: '846183085037c6b052026f8890393c89') in 0.241343 seconds 
========================================================================
Received Import Request.
  Time since last request: 31.291282 seconds.
  path: Assets/Audio/Sound Effects
  artifactKey: Guid(10d961027bf424341b147319fde05622) Importer(815301076,1909f56bfc062723c751e8b465ee728b)
Start importing Assets/Audio/Sound Effects using Guid(10d961027bf424341b147319fde05622) Importer(815301076,1909f56bfc062723c751e8b465ee728b)  -> (artifact id: 'cbc984e308f6eb323b0776e709ecf109') in 0.002304 seconds 
========================================================================
Received Import Request.
  Time since last request: 11.417105 seconds.
  path: Assets/Audio/Sound Effects/sfx
  artifactKey: Guid(514e173c528e3804aa3db5f5c17c30ea) Importer(815301076,1909f56bfc062723c751e8b465ee728b)
Start importing Assets/Audio/Sound Effects/sfx using Guid(514e173c528e3804aa3db5f5c17c30ea) Importer(815301076,1909f56bfc062723c751e8b465ee728b)  -> (artifact id: '876ec7f96800d98b5d1e5284fcd6fa94') in 0.004829 seconds 
========================================================================
Received Import Request.
  Time since last request: 0.089412 seconds.
  path: Assets/Audio/Sound Effects/sfx/1.wav
  artifactKey: Guid(5fca703e232f1bd428e6f3ca593829f3) Importer(815301076,1909f56bfc062723c751e8b465ee728b)
Start importing Assets/Audio/Sound Effects/sfx/1.wav using Guid(5fca703e232f1bd428e6f3ca593829f3) Importer(815301076,1909f56bfc062723c751e8b465ee728b)  -> (artifact id: '5645b02926e68a2e7dd2baa32290951a') in 0.042397 seconds 
========================================================================
Received Import Request.
  Time since last request: 0.000188 seconds.
  path: Assets/Audio/Sound Effects/sfx/3.wav
  artifactKey: Guid(d8b0b32575569f34381d8e007517c39e) Importer(815301076,1909f56bfc062723c751e8b465ee728b)
Start importing Assets/Audio/Sound Effects/sfx/3.wav using Guid(d8b0b32575569f34381d8e007517c39e) Importer(815301076,1909f56bfc062723c751e8b465ee728b)  -> (artifact id: '7fa1b4933cbc3c9acc5ff69447c8d9a4') in 0.006278 seconds 
========================================================================
Received Import Request.
  Time since last request: 0.000271 seconds.
  path: Assets/Audio/Sound Effects/sfx/10.wav
  artifactKey: Guid(9f3b6814e52f69d498bf063b1646f2e4) Importer(815301076,1909f56bfc062723c751e8b465ee728b)
Start importing Assets/Audio/Sound Effects/sfx/10.wav using Guid(9f3b6814e52f69d498bf063b1646f2e4) Importer(815301076,1909f56bfc062723c751e8b465ee728b)  -> (artifact id: '7620d8a34b631c05a84d10312e5ecbf7') in 0.017102 seconds 
========================================================================
Received Import Request.
  Time since last request: 0.000251 seconds.
  path: Assets/Audio/Sound Effects/sfx/4.wav
  artifactKey: Guid(8c552d287c13e7d46afe186ca36d590e) Importer(815301076,1909f56bfc062723c751e8b465ee728b)
Start importing Assets/Audio/Sound Effects/sfx/4.wav using Guid(8c552d287c13e7d46afe186ca36d590e) Importer(815301076,1909f56bfc062723c751e8b465ee728b)  -> (artifact id: '09a923f487f5b5fc6e4c90e037b70cc1') in 0.008822 seconds 
========================================================================
Received Import Request.
  Time since last request: 0.000227 seconds.
  path: Assets/Audio/Sound Effects/sfx/2.wav
  artifactKey: Guid(c9644bd2d9a9698468097b0c6c98608b) Importer(815301076,1909f56bfc062723c751e8b465ee728b)
Start importing Assets/Audio/Sound Effects/sfx/2.wav using Guid(c9644bd2d9a9698468097b0c6c98608b) Importer(815301076,1909f56bfc062723c751e8b465ee728b)  -> (artifact id: 'c35795bf2b9e257186eeda3ef3889bc0') in 0.010736 seconds 
========================================================================
Received Import Request.
  Time since last request: 0.000232 seconds.
  path: Assets/Audio/Sound Effects/sfx/6.wav
  artifactKey: Guid(283de1011c702c54781b27ec09c17e73) Importer(815301076,1909f56bfc062723c751e8b465ee728b)
Start importing Assets/Audio/Sound Effects/sfx/6.wav using Guid(283de1011c702c54781b27ec09c17e73) Importer(815301076,1909f56bfc062723c751e8b465ee728b)  -> (artifact id: 'b1e3b1e7b510f742c0f4fbd16cf97cf6') in 0.011147 seconds 
========================================================================
Received Import Request.
  Time since last request: 0.000268 seconds.
  path: Assets/Audio/Sound Effects/sfx/7.wav
  artifactKey: Guid(3e956b6b6f89f5d4ab14d391586dad4a) Importer(815301076,1909f56bfc062723c751e8b465ee728b)
Start importing Assets/Audio/Sound Effects/sfx/7.wav using Guid(3e956b6b6f89f5d4ab14d391586dad4a) Importer(815301076,1909f56bfc062723c751e8b465ee728b)  -> (artifact id: '2c88f4202573aeadb9835dbf14ef9a11') in 0.010400 seconds 
========================================================================
Received Import Request.
  Time since last request: 0.000242 seconds.
  path: Assets/Audio/Sound Effects/sfx/12.wav
  artifactKey: Guid(180317513ae97184a88dd69fd12561a7) Importer(815301076,1909f56bfc062723c751e8b465ee728b)
Start importing Assets/Audio/Sound Effects/sfx/12.wav using Guid(180317513ae97184a88dd69fd12561a7) Importer(815301076,1909f56bfc062723c751e8b465ee728b)  -> (artifact id: '36b2a413419a501821ca5705a34fef65') in 0.014239 seconds 
========================================================================
Received Import Request.
  Time since last request: 0.000183 seconds.
  path: Assets/Audio/Sound Effects/sfx/5.wav
  artifactKey: Guid(18682d2e4aeb6a648a6d746ae9766b74) Importer(815301076,1909f56bfc062723c751e8b465ee728b)
Start importing Assets/Audio/Sound Effects/sfx/5.wav using Guid(18682d2e4aeb6a648a6d746ae9766b74) Importer(815301076,1909f56bfc062723c751e8b465ee728b)  -> (artifact id: 'a7a99b5d58fcf2933790b2630d472883') in 0.007103 seconds 
========================================================================
Received Import Request.
  Time since last request: 0.000281 seconds.
  path: Assets/Audio/Sound Effects/sfx/11.wav
  artifactKey: Guid(38da6c7935db6374c90e1028f7141afd) Importer(815301076,1909f56bfc062723c751e8b465ee728b)
Start importing Assets/Audio/Sound Effects/sfx/11.wav using Guid(38da6c7935db6374c90e1028f7141afd) Importer(815301076,1909f56bfc062723c751e8b465ee728b)  -> (artifact id: '97f4461c91978f630457ce436f4b2848') in 0.008841 seconds 
========================================================================
Received Import Request.
  Time since last request: 0.000262 seconds.
  path: Assets/Audio/Sound Effects/sfx/8.wav
  artifactKey: Guid(00d56472529867e468f0950e5c54347d) Importer(815301076,1909f56bfc062723c751e8b465ee728b)
Start importing Assets/Audio/Sound Effects/sfx/8.wav using Guid(00d56472529867e468f0950e5c54347d) Importer(815301076,1909f56bfc062723c751e8b465ee728b)  -> (artifact id: '8d7fdc34231de1f703cc39d9b75560b1') in 0.012725 seconds 
========================================================================
Received Import Request.
  Time since last request: 0.000241 seconds.
  path: Assets/Audio/Sound Effects/sfx/9.wav
  artifactKey: Guid(6872811c73a2f0b498fc5011123fd100) Importer(815301076,1909f56bfc062723c751e8b465ee728b)
Start importing Assets/Audio/Sound Effects/sfx/9.wav using Guid(6872811c73a2f0b498fc5011123fd100) Importer(815301076,1909f56bfc062723c751e8b465ee728b)  -> (artifact id: '1c4e14cf5df7c1e054bc0b873ab96b76') in 0.012403 seconds 
========================================================================
Received Import Request.
  Time since last request: 399.738827 seconds.
  path: Assets/Scenes/Level01.unity
  artifactKey: Guid(f671241097a1ba944bb669c2fc618b21) Importer(815301076,1909f56bfc062723c751e8b465ee728b)
Start importing Assets/Scenes/Level01.unity using Guid(f671241097a1ba944bb669c2fc618b21) Importer(815301076,1909f56bfc062723c751e8b465ee728b)  -> (artifact id: 'a16e4891be8ab46c2accf6d422089825') in 0.002917 seconds 
========================================================================
Received Prepare
Registering precompiled user dll's ...
Registered in 0.003756 seconds.
Begin MonoManager ReloadAssembly
Native extension for WindowsStandalone target not found
Refreshing native plugins compatible for Editor in 0.65 ms, found 3 plugins.
Preloading 0 native plugins for Editor in 0.00 ms.
Mono: successfully reloaded assembly
- Completed reload, in  1.182 seconds
Domain Reload Profiling:
	ReloadAssembly (1182ms)
		BeginReloadAssembly (175ms)
			ExecutionOrderSort (0ms)
			DisableScriptedObjects (8ms)
			BackupInstance (0ms)
			ReleaseScriptingObjects (0ms)
			CreateAndSetChildDomain (39ms)
		EndReloadAssembly (930ms)
			LoadAssemblies (174ms)
			RebuildTransferFunctionScriptingTraits (0ms)
			SetupTypeCache (318ms)
			ReleaseScriptCaches (1ms)
			RebuildScriptCaches (45ms)
			SetupLoadedEditorAssemblies (304ms)
				LogAssemblyErrors (0ms)
				InitializePlatformSupportModulesInManaged (3ms)
				SetLoadedEditorAssemblies (0ms)
				RefreshPlugins (1ms)
				BeforeProcessingInitializeOnLoad (91ms)
				ProcessInitializeOnLoadAttributes (193ms)
				ProcessInitializeOnLoadMethodAttributes (10ms)
				AfterProcessingInitializeOnLoad (5ms)
				EditorAssembliesLoaded (0ms)
			ExecutionOrderSort2 (0ms)
			AwakeInstancesAfterBackupRestoration (13ms)
Platform modules already initialized, skipping
Refreshing native plugins compatible for Editor in 0.73 ms, found 3 plugins.
Preloading 0 native plugins for Editor in 0.00 ms.
Unloading 3120 Unused Serialized files (Serialized files now loaded: 0)
System memory in use before: 158.2 MB.
System memory in use after: 158.4 MB.

Unloading 15 unused Assets to reduce memory usage. Loaded Objects now: 3748.
Total: 3.637200 ms (FindLiveObjects: 0.312500 ms CreateObjectMapping: 0.189500 ms MarkObjects: 3.110400 ms  DeleteObjects: 0.023700 ms)

AssetImportParameters requested are different than current active one (requested -> active):
  custom:framework-win-MediaFoundation: 216162199b28c13a410421893ffa2e32 -> 
  custom:video-decoder-ogg-theora: a1e56fd34408186e4bbccfd4996cb3dc -> 
  custom:container-muxer-webm: aa71ff27fc2769a1b78a27578f13a17b -> 
  custom:container-demuxer-webm: 4f35f7cbe854078d1ac9338744f61a02 -> 
  custom:container-demuxer-ogg: 62fdf1f143b41e24485cea50d1cbac27 -> 
  custom:video-encoder-webm-vp8: eb34c28f22e8b96e1ab97ce403110664 -> 
  custom:video-codec-MediaFoundation-h265: 746d11721c4dcdbdad8f713fa42b33f4 -> 
  custom:video-decoder-webm-vp8: 9c59270c3fd7afecdb556c50c9e8de78 -> 
  custom:audio-decoder-ogg-vorbis: bf7c407c2cedff20999df2af8eb42d56 -> 
  custom:audio-encoder-webm-vorbis: bf7c407c2cedff20999df2af8eb42d56 -> 
========================================================================
Received Import Request.
  Time since last request: 1708.345421 seconds.
  path: Assets/Scenes/Level01.unity
  artifactKey: Guid(f671241097a1ba944bb669c2fc618b21) Importer(815301076,1909f56bfc062723c751e8b465ee728b)
Start importing Assets/Scenes/Level01.unity using Guid(f671241097a1ba944bb669c2fc618b21) Importer(815301076,1909f56bfc062723c751e8b465ee728b)  -> (artifact id: '137b43c59be5b54169d112a5f71f78ee') in 0.008829 seconds 
========================================================================
Received Prepare
Registering precompiled user dll's ...
Registered in 0.004363 seconds.
Begin MonoManager ReloadAssembly
Native extension for WindowsStandalone target not found
Refreshing native plugins compatible for Editor in 1.00 ms, found 3 plugins.
Preloading 0 native plugins for Editor in 0.00 ms.
Mono: successfully reloaded assembly
- Completed reload, in  1.226 seconds
Domain Reload Profiling:
	ReloadAssembly (1227ms)
		BeginReloadAssembly (131ms)
			ExecutionOrderSort (0ms)
			DisableScriptedObjects (7ms)
			BackupInstance (0ms)
			ReleaseScriptingObjects (0ms)
			CreateAndSetChildDomain (44ms)
		EndReloadAssembly (1035ms)
			LoadAssemblies (103ms)
			RebuildTransferFunctionScriptingTraits (0ms)
			SetupTypeCache (340ms)
			ReleaseScriptCaches (2ms)
			RebuildScriptCaches (52ms)
			SetupLoadedEditorAssemblies (382ms)
				LogAssemblyErrors (0ms)
				InitializePlatformSupportModulesInManaged (4ms)
				SetLoadedEditorAssemblies (1ms)
				RefreshPlugins (1ms)
				BeforeProcessingInitializeOnLoad (117ms)
				ProcessInitializeOnLoadAttributes (240ms)
				ProcessInitializeOnLoadMethodAttributes (12ms)
				AfterProcessingInitializeOnLoad (6ms)
				EditorAssembliesLoaded (0ms)
			ExecutionOrderSort2 (0ms)
			AwakeInstancesAfterBackupRestoration (16ms)
Platform modules already initialized, skipping
Refreshing native plugins compatible for Editor in 1.19 ms, found 3 plugins.
Preloading 0 native plugins for Editor in 0.00 ms.
Unloading 3120 Unused Serialized files (Serialized files now loaded: 0)
System memory in use before: 158.3 MB.
System memory in use after: 158.6 MB.

Unloading 15 unused Assets to reduce memory usage. Loaded Objects now: 3751.
Total: 3.785400 ms (FindLiveObjects: 0.320500 ms CreateObjectMapping: 0.150300 ms MarkObjects: 3.279200 ms  DeleteObjects: 0.034100 ms)

AssetImportParameters requested are different than current active one (requested -> active):
  custom:framework-win-MediaFoundation: 216162199b28c13a410421893ffa2e32 -> 
  custom:video-decoder-ogg-theora: a1e56fd34408186e4bbccfd4996cb3dc -> 
  custom:container-muxer-webm: aa71ff27fc2769a1b78a27578f13a17b -> 
  custom:container-demuxer-webm: 4f35f7cbe854078d1ac9338744f61a02 -> 
  custom:container-demuxer-ogg: 62fdf1f143b41e24485cea50d1cbac27 -> 
  custom:video-encoder-webm-vp8: eb34c28f22e8b96e1ab97ce403110664 -> 
  custom:video-codec-MediaFoundation-h265: 746d11721c4dcdbdad8f713fa42b33f4 -> 
  custom:video-decoder-webm-vp8: 9c59270c3fd7afecdb556c50c9e8de78 -> 
  custom:audio-decoder-ogg-vorbis: bf7c407c2cedff20999df2af8eb42d56 -> 
  custom:audio-encoder-webm-vorbis: bf7c407c2cedff20999df2af8eb42d56 -> 
========================================================================
Received Import Request.
  Time since last request: 1220.370989 seconds.
  path: Assets/Prefabs/Flying Key.prefab
  artifactKey: Guid(238172388d43ad04b93d014ebcb3f48f) Importer(815301076,1909f56bfc062723c751e8b465ee728b)
Start importing Assets/Prefabs/Flying Key.prefab using Guid(238172388d43ad04b93d014ebcb3f48f) Importer(815301076,1909f56bfc062723c751e8b465ee728b)  -> (artifact id: 'c103029029837cc29fc3f8ff68fcdee0') in 0.181902 seconds 
========================================================================
Received Import Request.
  Time since last request: 204.343492 seconds.
  path: Assets/Scenes/Level02.unity
  artifactKey: Guid(6f9d5a7c9108b2a448b6d2ac0e03a7ff) Importer(815301076,1909f56bfc062723c751e8b465ee728b)
Start importing Assets/Scenes/Level02.unity using Guid(6f9d5a7c9108b2a448b6d2ac0e03a7ff) Importer(815301076,1909f56bfc062723c751e8b465ee728b)  -> (artifact id: 'c5eb26172e41feb05baf7e202764f3f3') in 0.002024 seconds 
========================================================================
Received Import Request.
  Time since last request: 3597.239042 seconds.
  path: Assets/imports/webs/triangleweb.png
  artifactKey: Guid(5c0c74688c5b9d64993a3624a5bcad25) Importer(815301076,1909f56bfc062723c751e8b465ee728b)
Start importing Assets/imports/webs/triangleweb.png using Guid(5c0c74688c5b9d64993a3624a5bcad25) Importer(815301076,1909f56bfc062723c751e8b465ee728b)  -> (artifact id: '2f579dcff826b52dc987e4b624b9001d') in 0.126481 seconds 
========================================================================
Received Import Request.
  Time since last request: 0.203503 seconds.
  path: Packages/com.unity.render-pipelines.core/Runtime/Debugging/Prefabs/Textures/UIArrowDown.png
  artifactKey: Guid(f224bfd122877a34aa49c63693fc317b) Importer(815301076,1909f56bfc062723c751e8b465ee728b)
Start importing Packages/com.unity.render-pipelines.core/Runtime/Debugging/Prefabs/Textures/UIArrowDown.png using Guid(f224bfd122877a34aa49c63693fc317b) Importer(815301076,1909f56bfc062723c751e8b465ee728b)  -> (artifact id: '3717b570d18e1904da3f6738e27cdc9e') in 0.013597 seconds 
========================================================================
Received Import Request.
  Time since last request: 0.000231 seconds.
  path: Packages/com.unity.asset-store-tools/Editor/AssetStoreValidator/Icons/undefined.png
  artifactKey: Guid(4a4eef842709db34cbb71baf22384730) Importer(815301076,1909f56bfc062723c751e8b465ee728b)
Start importing Packages/com.unity.asset-store-tools/Editor/AssetStoreValidator/Icons/undefined.png using Guid(4a4eef842709db34cbb71baf22384730) Importer(815301076,1909f56bfc062723c751e8b465ee728b)  -> (artifact id: 'eb288a4434e31dd6e33f02c330e26d4f') in 0.025704 seconds 
========================================================================
Received Import Request.
  Time since last request: 0.000293 seconds.
  path: Packages/com.unity.render-pipelines.core/Runtime/Debugging/Prefabs/Textures/UICheckMark.png
  artifactKey: Guid(b346b2a2df1d290438be3287b6419408) Importer(815301076,1909f56bfc062723c751e8b465ee728b)
Start importing Packages/com.unity.render-pipelines.core/Runtime/Debugging/Prefabs/Textures/UICheckMark.png using Guid(b346b2a2df1d290438be3287b6419408) Importer(815301076,1909f56bfc062723c751e8b465ee728b)  -> (artifact id: '8fa5bda4f1185155cb5558832f5b016e') in 0.017089 seconds 
========================================================================
Received Import Request.
  Time since last request: 0.000617 seconds.
  path: Packages/com.unity.asset-store-tools/Editor/AssetStoreValidator/Icons/undefined_d.png
  artifactKey: Guid(88a36c7e4d60b6b4385c95cfc2d00c22) Importer(815301076,1909f56bfc062723c751e8b465ee728b)
Start importing Packages/com.unity.asset-store-tools/Editor/AssetStoreValidator/Icons/undefined_d.png using Guid(88a36c7e4d60b6b4385c95cfc2d00c22) Importer(815301076,1909f56bfc062723c751e8b465ee728b)  -> (artifact id: '62bd99093a2147ed5b9b9a7a6683b802') in 0.013192 seconds 
========================================================================
Received Import Request.
  Time since last request: 0.000250 seconds.
  path: Packages/com.unity.render-pipelines.core/Runtime/Debugging/Prefabs/Textures/UIElement8px.png
  artifactKey: Guid(d49e78756811bfa4aafb8b6535417991) Importer(815301076,1909f56bfc062723c751e8b465ee728b)
Start importing Packages/com.unity.render-pipelines.core/Runtime/Debugging/Prefabs/Textures/UIElement8px.png using Guid(d49e78756811bfa4aafb8b6535417991) Importer(815301076,1909f56bfc062723c751e8b465ee728b)  -> (artifact id: 'c1dbc56d0e30ac25fd96ebb975dc9d6e') in 0.018991 seconds 
========================================================================
Received Import Request.
  Time since last request: 0.000313 seconds.
  path: Packages/com.unity.2d.animation/Editor/Assets/SkinningModule/Icons/Light/Visibility_Hidded@3x.png
  artifactKey: Guid(89930da27dfbbc64ba1f3baf0ae416bb) Importer(815301076,1909f56bfc062723c751e8b465ee728b)
Start importing Packages/com.unity.2d.animation/Editor/Assets/SkinningModule/Icons/Light/Visibility_Hidded@3x.png using Guid(89930da27dfbbc64ba1f3baf0ae416bb) Importer(815301076,1909f56bfc062723c751e8b465ee728b)  -> (artifact id: 'c029a55f545df44010ab5eab7e010dd8') in 0.030477 seconds 
========================================================================
Received Import Request.
  Time since last request: 0.000251 seconds.
  path: Packages/com.unity.2d.animation/Editor/Assets/SkinningModule/Icons/Light/Visibility_Hidded.png
  artifactKey: Guid(a20f7223e2252fc4d813fc92d0f3a614) Importer(815301076,1909f56bfc062723c751e8b465ee728b)
Start importing Packages/com.unity.2d.animation/Editor/Assets/SkinningModule/Icons/Light/Visibility_Hidded.png using Guid(a20f7223e2252fc4d813fc92d0f3a614) Importer(815301076,1909f56bfc062723c751e8b465ee728b)  -> (artifact id: '7eaaca9de2692a74de4bc02287f40dfb') in 0.017766 seconds 
========================================================================
Received Import Request.
  Time since last request: 0.000291 seconds.
  path: Packages/com.unity.2d.animation/Editor/Assets/SkinningModule/Icons/Light/Visibility_Hidded@2x.png
  artifactKey: Guid(f3940f64802892746b2ec336d3b0c5f4) Importer(815301076,1909f56bfc062723c751e8b465ee728b)
Start importing Packages/com.unity.2d.animation/Editor/Assets/SkinningModule/Icons/Light/Visibility_Hidded@2x.png using Guid(f3940f64802892746b2ec336d3b0c5f4) Importer(815301076,1909f56bfc062723c751e8b465ee728b)  -> (artifact id: 'cecf0bd8da415e300509d1a8800e82ab') in 0.020515 seconds 
========================================================================
Received Import Request.
  Time since last request: 0.000248 seconds.
  path: Packages/com.unity.2d.animation/Editor/Assets/SkinningModule/Icons/Light/Visibility_Tool@2x.png
  artifactKey: Guid(45c995b76b893fd4b9e8d3e0f9f6463b) Importer(815301076,1909f56bfc062723c751e8b465ee728b)
Start importing Packages/com.unity.2d.animation/Editor/Assets/SkinningModule/Icons/Light/Visibility_Tool@2x.png using Guid(45c995b76b893fd4b9e8d3e0f9f6463b) Importer(815301076,1909f56bfc062723c751e8b465ee728b)  -> (artifact id: '98e52e3c562206629c2286ec4d64f333') in 0.019786 seconds 
========================================================================
Received Import Request.
  Time since last request: 0.000264 seconds.
  path: Packages/com.unity.2d.animation/Editor/Assets/SkinningModule/Icons/Light/Visibility_Tool.png
  artifactKey: Guid(1e7c59239d2a59140b34f39ea6d4d44c) Importer(815301076,1909f56bfc062723c751e8b465ee728b)
Start importing Packages/com.unity.2d.animation/Editor/Assets/SkinningModule/Icons/Light/Visibility_Tool.png using Guid(1e7c59239d2a59140b34f39ea6d4d44c) Importer(815301076,1909f56bfc062723c751e8b465ee728b)  -> (artifact id: '7035684c453acfc3050fbc740293fbae') in 0.020612 seconds 
========================================================================
Received Import Request.
  Time since last request: 0.000235 seconds.
  path: Packages/com.unity.render-pipelines.core/Runtime/Debugging/Prefabs/Textures/UIFoldoutOpened.png
  artifactKey: Guid(a674720496c1ed248a5b7ea3e22a11fd) Importer(815301076,1909f56bfc062723c751e8b465ee728b)
Start importing Packages/com.unity.render-pipelines.core/Runtime/Debugging/Prefabs/Textures/UIFoldoutOpened.png using Guid(a674720496c1ed248a5b7ea3e22a11fd) Importer(815301076,1909f56bfc062723c751e8b465ee728b)  -> (artifact id: '252c833a88d00d38acaaf28d463f9b15') in 0.022240 seconds 
========================================================================
Received Import Request.
  Time since last request: 0.000265 seconds.
  path: Packages/com.unity.2d.animation/Editor/Assets/SkinningModule/Icons/Selected/Visibility_Tool.png
  artifactKey: Guid(7342ee656932e31489ea62e64e012645) Importer(815301076,1909f56bfc062723c751e8b465ee728b)
Start importing Packages/com.unity.2d.animation/Editor/Assets/SkinningModule/Icons/Selected/Visibility_Tool.png using Guid(7342ee656932e31489ea62e64e012645) Importer(815301076,1909f56bfc062723c751e8b465ee728b)  -> (artifact id: '8e22ae23f73866dd500840a226c57e26') in 0.009588 seconds 
========================================================================
Received Import Request.
  Time since last request: 0.000245 seconds.
  path: Packages/com.unity.render-pipelines.core/Runtime/Debugging/Prefabs/Textures/UIFoldoutClosed.png
  artifactKey: Guid(7a0568d5e3330b84687e307992be3030) Importer(815301076,1909f56bfc062723c751e8b465ee728b)
Start importing Packages/com.unity.render-pipelines.core/Runtime/Debugging/Prefabs/Textures/UIFoldoutClosed.png using Guid(7a0568d5e3330b84687e307992be3030) Importer(815301076,1909f56bfc062723c751e8b465ee728b)  -> (artifact id: 'ad21e703da62025fed73981aa09d179c') in 0.006776 seconds 
========================================================================
Received Import Request.
  Time since last request: 0.000333 seconds.
  path: Packages/com.unity.2d.animation/Editor/Assets/SkinningModule/Icons/Light/Visibility_Hidded@4x.png
  artifactKey: Guid(f469f8253737d534ca7809ae6f0d2422) Importer(815301076,1909f56bfc062723c751e8b465ee728b)
Start importing Packages/com.unity.2d.animation/Editor/Assets/SkinningModule/Icons/Light/Visibility_Hidded@4x.png using Guid(f469f8253737d534ca7809ae6f0d2422) Importer(815301076,1909f56bfc062723c751e8b465ee728b)  -> (artifact id: 'd97a50f19ac938afd03000fde447c9eb') in 0.009045 seconds 
========================================================================
Received Import Request.
  Time since last request: 0.139853 seconds.
  path: Packages/com.unity.2d.animation/Editor/Assets/SkinningModule/Icons/Selected/Visibility_Tool@2x.png
  artifactKey: Guid(ef9977ed07c438845a52c577f4ffcc3a) Importer(815301076,1909f56bfc062723c751e8b465ee728b)
Start importing Packages/com.unity.2d.animation/Editor/Assets/SkinningModule/Icons/Selected/Visibility_Tool@2x.png using Guid(ef9977ed07c438845a52c577f4ffcc3a) Importer(815301076,1909f56bfc062723c751e8b465ee728b)  -> (artifact id: 'c544a6667d78a80b2f7326daf2b4d21e') in 0.007034 seconds 
========================================================================
Received Import Request.
  Time since last request: 0.000286 seconds.
  path: Packages/com.unity.2d.animation/Editor/Assets/SkinningModule/Icons/Selected/Visibility_Tool@4x.png
  artifactKey: Guid(f082e69f825d0aa44b687e592731c0a8) Importer(815301076,1909f56bfc062723c751e8b465ee728b)
Start importing Packages/com.unity.2d.animation/Editor/Assets/SkinningModule/Icons/Selected/Visibility_Tool@4x.png using Guid(f082e69f825d0aa44b687e592731c0a8) Importer(815301076,1909f56bfc062723c751e8b465ee728b)  -> (artifact id: '905ab2ce25ef78a50d9356cba05f34f7') in 0.008519 seconds 
========================================================================
Received Import Request.
  Time since last request: 0.000259 seconds.
  path: Packages/com.unity.2d.animation/Editor/Assets/SkinningModule/Icons/Light/Visibility_Tool@4x.png
  artifactKey: Guid(216c53aef79eaaf40a1800cc5e542dc3) Importer(815301076,1909f56bfc062723c751e8b465ee728b)
Start importing Packages/com.unity.2d.animation/Editor/Assets/SkinningModule/Icons/Light/Visibility_Tool@4x.png using Guid(216c53aef79eaaf40a1800cc5e542dc3) Importer(815301076,1909f56bfc062723c751e8b465ee728b)  -> (artifact id: 'a7419283912670d92986ae8314793d05') in 0.007331 seconds 
========================================================================
Received Import Request.
  Time since last request: 0.000286 seconds.
  path: Packages/com.unity.2d.animation/Editor/Assets/SkinningModule/Icons/Light/Visibility_Tool@3x.png
  artifactKey: Guid(ec23e33668eecff4aaec16f735dcc204) Importer(815301076,1909f56bfc062723c751e8b465ee728b)
Start importing Packages/com.unity.2d.animation/Editor/Assets/SkinningModule/Icons/Light/Visibility_Tool@3x.png using Guid(ec23e33668eecff4aaec16f735dcc204) Importer(815301076,1909f56bfc062723c751e8b465ee728b)  -> (artifact id: '172a8757ee5e634e0c1c481b495a37e6') in 0.007574 seconds 
========================================================================
Received Import Request.
  Time since last request: 0.000483 seconds.
  path: Packages/com.unity.2d.animation/Editor/Assets/SkinningModule/Icons/Selected/Visibility_Tool@3x.png
  artifactKey: Guid(8004118ba4145a74e823fedaa37acf3a) Importer(815301076,1909f56bfc062723c751e8b465ee728b)
Start importing Packages/com.unity.2d.animation/Editor/Assets/SkinningModule/Icons/Selected/Visibility_Tool@3x.png using Guid(8004118ba4145a74e823fedaa37acf3a) Importer(815301076,1909f56bfc062723c751e8b465ee728b)  -> (artifact id: '95c574c4507e6b81ac8b9223f8df967c') in 0.007079 seconds 
AssetImportWorkerClient::OnTransportError - code=2 error=End of file
