Using pre-set license
Built from '2020.3/release' branch; Version is '2020.3.27f1 (e759542391ea) revision 15161684'; Using compiler version '192528614'; Build Type 'Release'
OS: 'Windows 11  (10.0.22000) 64bit Core' Language: 'fr' Physical Memory: 16249 MB
BatchMode: 1, IsHumanControllingUs: 0, StartBugReporterOnCrash: 0, Is64bit: 1, IsPro: 0

COMMAND LINE ARGUMENTS:
C:\Program Files\Unity\Hub\Editor\2020.3.27f1\Editor\Unity.exe
-adb2
-batchMode
-noUpm
-name
AssetImportWorker0
-projectPath
C:/Users/alexi/Mon Drive/Unity/Projets/Random Weather
-logFile
Logs/AssetImportWorker0.log
-srvPort
56633
Successfully changed project path to: C:/Users/alexi/Mon Drive/Unity/Projets/Random Weather
C:/Users/alexi/Mon Drive/Unity/Projets/Random Weather
Using Asset Import Pipeline V2.
Refreshing native plugins compatible for Editor in 50.75 ms, found 3 plugins.
Preloading 0 native plugins for Editor in 0.00 ms.
Initialize engine version: 2020.3.27f1 (e759542391ea)
[Subsystems] Discovering subsystems at path C:/Program Files/Unity/Hub/Editor/2020.3.27f1/Editor/Data/Resources/UnitySubsystems
[Subsystems] Discovering subsystems at path C:/Users/alexi/Mon Drive/Unity/Projets/Random Weather/Assets
GfxDevice: creating device client; threaded=0
Direct3D:
    Version:  Direct3D 11.0 [level 11.1]
    Renderer: NVIDIA GeForce GTX 1660 SUPER (ID=0x21c4)
    Vendor:   
    VRAM:     5992 MB
    Driver:   31.0.15.1694
Initialize mono
Mono path[0] = 'C:/Program Files/Unity/Hub/Editor/2020.3.27f1/Editor/Data/Managed'
Mono path[1] = 'C:/Program Files/Unity/Hub/Editor/2020.3.27f1/Editor/Data/MonoBleedingEdge/lib/mono/unityjit'
Mono config path = 'C:/Program Files/Unity/Hub/Editor/2020.3.27f1/Editor/Data/MonoBleedingEdge/etc'
Using monoOptions --debugger-agent=transport=dt_socket,embedding=1,server=y,suspend=n,address=127.0.0.1:56868
Begin MonoManager ReloadAssembly
Registering precompiled unity dll's ...
Register platform support module: C:/Program Files/Unity/Hub/Editor/2020.3.27f1/Editor/Data/PlaybackEngines/WindowsStandaloneSupport/UnityEditor.WindowsStandalone.Extensions.dll
Registered in 0.002333 seconds.
Native extension for WindowsStandalone target not found
Refreshing native plugins compatible for Editor in 55.39 ms, found 3 plugins.
Preloading 0 native plugins for Editor in 0.00 ms.
Mono: successfully reloaded assembly
- Completed reload, in  0.637 seconds
Domain Reload Profiling:
	ReloadAssembly (638ms)
		BeginReloadAssembly (75ms)
			ExecutionOrderSort (0ms)
			DisableScriptedObjects (0ms)
			BackupInstance (0ms)
			ReleaseScriptingObjects (0ms)
			CreateAndSetChildDomain (1ms)
		EndReloadAssembly (482ms)
			LoadAssemblies (73ms)
			RebuildTransferFunctionScriptingTraits (0ms)
			SetupTypeCache (158ms)
			ReleaseScriptCaches (0ms)
			RebuildScriptCaches (33ms)
			SetupLoadedEditorAssemblies (191ms)
				LogAssemblyErrors (0ms)
				InitializePlatformSupportModulesInManaged (5ms)
				SetLoadedEditorAssemblies (0ms)
				RefreshPlugins (56ms)
				BeforeProcessingInitializeOnLoad (15ms)
				ProcessInitializeOnLoadAttributes (87ms)
				ProcessInitializeOnLoadMethodAttributes (28ms)
				AfterProcessingInitializeOnLoad (0ms)
				EditorAssembliesLoaded (0ms)
			ExecutionOrderSort2 (0ms)
			AwakeInstancesAfterBackupRestoration (0ms)
Platform modules already initialized, skipping
Registering precompiled user dll's ...
Registered in 0.005611 seconds.
Begin MonoManager ReloadAssembly
Native extension for WindowsStandalone target not found
Refreshing native plugins compatible for Editor in 47.91 ms, found 3 plugins.
Preloading 0 native plugins for Editor in 0.00 ms.
Mono: successfully reloaded assembly
- Completed reload, in  1.174 seconds
Domain Reload Profiling:
	ReloadAssembly (1175ms)
		BeginReloadAssembly (165ms)
			ExecutionOrderSort (0ms)
			DisableScriptedObjects (5ms)
			BackupInstance (0ms)
			ReleaseScriptingObjects (0ms)
			CreateAndSetChildDomain (20ms)
		EndReloadAssembly (941ms)
			LoadAssemblies (116ms)
			RebuildTransferFunctionScriptingTraits (0ms)
			SetupTypeCache (321ms)
			ReleaseScriptCaches (0ms)
			RebuildScriptCaches (48ms)
			SetupLoadedEditorAssemblies (351ms)
				LogAssemblyErrors (0ms)
				InitializePlatformSupportModulesInManaged (3ms)
				SetLoadedEditorAssemblies (0ms)
				RefreshPlugins (48ms)
				BeforeProcessingInitializeOnLoad (83ms)
				ProcessInitializeOnLoadAttributes (191ms)
				ProcessInitializeOnLoadMethodAttributes (19ms)
				AfterProcessingInitializeOnLoad (6ms)
				EditorAssembliesLoaded (0ms)
			ExecutionOrderSort2 (0ms)
			AwakeInstancesAfterBackupRestoration (6ms)
Platform modules already initialized, skipping
========================================================================
Worker process is ready to serve import requests
Launched and connected shader compiler UnityShaderCompiler.exe after 0.05 seconds
Refreshing native plugins compatible for Editor in 0.48 ms, found 3 plugins.
Preloading 0 native plugins for Editor in 0.00 ms.
Unloading 2198 Unused Serialized files (Serialized files now loaded: 0)
System memory in use before: 96.0 MB.
System memory in use after: 95.9 MB.

Unloading 34 unused Assets to reduce memory usage. Loaded Objects now: 2625.
Total: 2.926700 ms (FindLiveObjects: 0.189700 ms CreateObjectMapping: 0.080800 ms MarkObjects: 2.524400 ms  DeleteObjects: 0.130800 ms)

AssetImportParameters requested are different than current active one (requested -> active):
  custom:framework-win-MediaFoundation: 216162199b28c13a410421893ffa2e32 -> 
  custom:video-decoder-ogg-theora: a1e56fd34408186e4bbccfd4996cb3dc -> 
  custom:container-muxer-webm: aa71ff27fc2769a1b78a27578f13a17b -> 
  custom:container-demuxer-webm: 4f35f7cbe854078d1ac9338744f61a02 -> 
  custom:container-demuxer-ogg: 62fdf1f143b41e24485cea50d1cbac27 -> 
  custom:video-encoder-webm-vp8: eb34c28f22e8b96e1ab97ce403110664 -> 
  custom:video-codec-MediaFoundation-h265: 746d11721c4dcdbdad8f713fa42b33f4 -> 
  custom:video-decoder-webm-vp8: 9c59270c3fd7afecdb556c50c9e8de78 -> 
  custom:audio-decoder-ogg-vorbis: bf7c407c2cedff20999df2af8eb42d56 -> 
  custom:audio-encoder-webm-vorbis: bf7c407c2cedff20999df2af8eb42d56 -> 
========================================================================
Received Import Request.
  path: Assets/Chicken Games/2D Artistic Illustrations Pack/Illustrations/Illustration 7/Illustration 7.psd
  artifactKey: Guid(b56fd2f988ff67a47bbfece6ca7285b4) Importer(815301076,1909f56bfc062723c751e8b465ee728b)
Start importing Assets/Chicken Games/2D Artistic Illustrations Pack/Illustrations/Illustration 7/Illustration 7.psd using Guid(b56fd2f988ff67a47bbfece6ca7285b4) Importer(815301076,1909f56bfc062723c751e8b465ee728b)  -> (artifact id: '22fbac07e17a3a0ba419cade20a2a9aa') in 0.180700 seconds 
  Import took 0.184235 seconds .

========================================================================
Received Import Request.
  Time since last request: 0.016563 seconds.
  path: Assets/Chicken Games/2D Artistic Illustrations Pack/Illustrations/Illustration 5/layer 5.png
  artifactKey: Guid(4eabd097df3cc97458c2b2563e271363) Importer(815301076,1909f56bfc062723c751e8b465ee728b)
Start importing Assets/Chicken Games/2D Artistic Illustrations Pack/Illustrations/Illustration 5/layer 5.png using Guid(4eabd097df3cc97458c2b2563e271363) Importer(815301076,1909f56bfc062723c751e8b465ee728b)  -> (artifact id: 'ee4bc5abea3ed48bbe041819aec22d75') in 0.075315 seconds 
  Import took 0.080084 seconds .

========================================================================
Received Import Request.
  Time since last request: 0.005880 seconds.
  path: Assets/Chicken Games/2D Artistic Illustrations Pack/Illustrations/Illustration 1/layer 3.png
  artifactKey: Guid(63606e0fdb2e0e74785b7386c0c648f3) Importer(815301076,1909f56bfc062723c751e8b465ee728b)
Start importing Assets/Chicken Games/2D Artistic Illustrations Pack/Illustrations/Illustration 1/layer 3.png using Guid(63606e0fdb2e0e74785b7386c0c648f3) Importer(815301076,1909f56bfc062723c751e8b465ee728b)  -> (artifact id: '33a0766bd915592ca85a0d7e697c17fa') in 0.038691 seconds 
  Import took 0.042574 seconds .

========================================================================
Received Import Request.
  Time since last request: 0.010423 seconds.
  path: Assets/Chicken Games/2D Artistic Illustrations Pack/Illustrations/Illustration 7/full illustration.png
  artifactKey: Guid(7330caaa7ee225443949a55ac4894de9) Importer(815301076,1909f56bfc062723c751e8b465ee728b)
Start importing Assets/Chicken Games/2D Artistic Illustrations Pack/Illustrations/Illustration 7/full illustration.png using Guid(7330caaa7ee225443949a55ac4894de9) Importer(815301076,1909f56bfc062723c751e8b465ee728b)  -> (artifact id: '5b0aaf670239b2017447e266a64856b9') in 0.029841 seconds 
  Import took 0.034102 seconds .

========================================================================
Received Import Request.
  Time since last request: 0.044351 seconds.
  path: Assets/Chicken Games/2D Artistic Illustrations Pack/Illustrations/Illustration 6/Illustration 6.kra
  artifactKey: Guid(c049f7331e4a6894d9b6c0d94d84f96a) Importer(815301076,1909f56bfc062723c751e8b465ee728b)
Start importing Assets/Chicken Games/2D Artistic Illustrations Pack/Illustrations/Illustration 6/Illustration 6.kra using Guid(c049f7331e4a6894d9b6c0d94d84f96a) Importer(815301076,1909f56bfc062723c751e8b465ee728b)  -> (artifact id: '3b25f4c12427a112b3b0b73939a6d333') in 0.030581 seconds 
  Import took 0.034023 seconds .

========================================================================
Received Import Request.
  Time since last request: 0.005110 seconds.
  path: Assets/Chicken Games/2D Artistic Illustrations Pack/Illustrations/Illustration 1/layer 5.png
  artifactKey: Guid(29e2fded480737a48b4857fd4da3312f) Importer(815301076,1909f56bfc062723c751e8b465ee728b)
Start importing Assets/Chicken Games/2D Artistic Illustrations Pack/Illustrations/Illustration 1/layer 5.png using Guid(29e2fded480737a48b4857fd4da3312f) Importer(815301076,1909f56bfc062723c751e8b465ee728b)  -> (artifact id: 'b05807704d0e117f50b15397b36ab3b8') in 0.073051 seconds 
  Import took 0.076808 seconds .

========================================================================
Received Import Request.
  Time since last request: 0.015508 seconds.
  path: Assets/Chicken Games/2D Artistic Illustrations Pack/Illustrations/Illustration 3/layer 3.png
  artifactKey: Guid(8a7929cf2af818744bcb1e0a72eb1029) Importer(815301076,1909f56bfc062723c751e8b465ee728b)
Start importing Assets/Chicken Games/2D Artistic Illustrations Pack/Illustrations/Illustration 3/layer 3.png using Guid(8a7929cf2af818744bcb1e0a72eb1029) Importer(815301076,1909f56bfc062723c751e8b465ee728b)  -> (artifact id: '0f3f05c69d88f8ab35a5332b5bd1c0f1') in 0.026311 seconds 
  Import took 0.030066 seconds .

========================================================================
Received Import Request.
  Time since last request: 0.005864 seconds.
  path: Assets/Chicken Games/2D Artistic Illustrations Pack/Illustrations/Illustration 5/house smoke layer 4.png
  artifactKey: Guid(b9cb101a80e78f54e965b9b5ef469b67) Importer(815301076,1909f56bfc062723c751e8b465ee728b)
Start importing Assets/Chicken Games/2D Artistic Illustrations Pack/Illustrations/Illustration 5/house smoke layer 4.png using Guid(b9cb101a80e78f54e965b9b5ef469b67) Importer(815301076,1909f56bfc062723c751e8b465ee728b)  -> (artifact id: '6bbb05d109f23f77f704d1218d375fd3') in 0.025717 seconds 
  Import took 0.029371 seconds .

========================================================================
Received Import Request.
  Time since last request: 0.036100 seconds.
  path: Assets/Chicken Games/2D Artistic Illustrations Pack/Illustrations/Illustration 1/illustration 1.kra
  artifactKey: Guid(77197a9545ed9aa4f9424f670bf68799) Importer(815301076,1909f56bfc062723c751e8b465ee728b)
Start importing Assets/Chicken Games/2D Artistic Illustrations Pack/Illustrations/Illustration 1/illustration 1.kra using Guid(77197a9545ed9aa4f9424f670bf68799) Importer(815301076,1909f56bfc062723c751e8b465ee728b)  -> (artifact id: '627463c39a27c386332c82fcae1e183c') in 0.003349 seconds 
  Import took 0.006462 seconds .

========================================================================
Received Import Request.
  Time since last request: 0.033536 seconds.
  path: Assets/Chicken Games/2D Artistic Illustrations Pack/Illustrations/Illustration 4/illustration 4.kra
  artifactKey: Guid(83f4a324f6cf26b429531cb98ad8c442) Importer(815301076,1909f56bfc062723c751e8b465ee728b)
Start importing Assets/Chicken Games/2D Artistic Illustrations Pack/Illustrations/Illustration 4/illustration 4.kra using Guid(83f4a324f6cf26b429531cb98ad8c442) Importer(815301076,1909f56bfc062723c751e8b465ee728b)  -> (artifact id: '86ab1fc9e7d906d5ec684b6dbf56525c') in 0.003245 seconds 
  Import took 0.006851 seconds .

========================================================================
Received Import Request.
  Time since last request: 0.005868 seconds.
  path: Assets/Chicken Games/2D Artistic Illustrations Pack/Illustrations/Illustration 6/layer 6.png
  artifactKey: Guid(1628c1e3b735021439cd59ddd301368a) Importer(815301076,1909f56bfc062723c751e8b465ee728b)
Start importing Assets/Chicken Games/2D Artistic Illustrations Pack/Illustrations/Illustration 6/layer 6.png using Guid(1628c1e3b735021439cd59ddd301368a) Importer(815301076,1909f56bfc062723c751e8b465ee728b)  -> (artifact id: '12ab2bb904437a912f25c5b97fcdf8a9') in 0.030401 seconds 
  Import took 0.034212 seconds .

========================================================================
Received Import Request.
  Time since last request: 0.011054 seconds.
  path: Assets/Chicken Games/2D Artistic Illustrations Pack/Illustrations/Illustration 6/layer 2.png
  artifactKey: Guid(1705001ffa6af844892f1bf3e7dd8f12) Importer(815301076,1909f56bfc062723c751e8b465ee728b)
Start importing Assets/Chicken Games/2D Artistic Illustrations Pack/Illustrations/Illustration 6/layer 2.png using Guid(1705001ffa6af844892f1bf3e7dd8f12) Importer(815301076,1909f56bfc062723c751e8b465ee728b)  -> (artifact id: '236a7ff38e320342d85757bfc2e5b0e8') in 0.064390 seconds 
  Import took 0.068367 seconds .

========================================================================
Received Import Request.
  Time since last request: 0.047411 seconds.
  path: Assets/Chicken Games/2D Artistic Illustrations Pack/Illustrations/Illustration 7/layer 4.png
  artifactKey: Guid(342ce16a0b38f594f9bde6943289df4e) Importer(815301076,1909f56bfc062723c751e8b465ee728b)
Start importing Assets/Chicken Games/2D Artistic Illustrations Pack/Illustrations/Illustration 7/layer 4.png using Guid(342ce16a0b38f594f9bde6943289df4e) Importer(815301076,1909f56bfc062723c751e8b465ee728b)  -> (artifact id: '97c31849e55f7fcf7ea193491bad04b2') in 0.031810 seconds 
  Import took 0.036067 seconds .

========================================================================
Received Import Request.
  Time since last request: 0.011456 seconds.
  path: Assets/Chicken Games/2D Artistic Illustrations Pack/Illustrations/Illustration 3/layer 1 .png
  artifactKey: Guid(c4cb7781d8a68824889b9f4f27f97266) Importer(815301076,1909f56bfc062723c751e8b465ee728b)
Start importing Assets/Chicken Games/2D Artistic Illustrations Pack/Illustrations/Illustration 3/layer 1 .png using Guid(c4cb7781d8a68824889b9f4f27f97266) Importer(815301076,1909f56bfc062723c751e8b465ee728b)  -> (artifact id: '8e584e455f67154192d42cd5c64ab423') in 0.063928 seconds 
  Import took 0.067544 seconds .

========================================================================
Received Import Request.
  Time since last request: 0.033814 seconds.
  path: Assets/Chicken Games/2D Artistic Illustrations Pack/Illustrations/Illustration 1/full illustration.png
  artifactKey: Guid(4be790a94a33ada4f8488711d5cd157b) Importer(815301076,1909f56bfc062723c751e8b465ee728b)
Start importing Assets/Chicken Games/2D Artistic Illustrations Pack/Illustrations/Illustration 1/full illustration.png using Guid(4be790a94a33ada4f8488711d5cd157b) Importer(815301076,1909f56bfc062723c751e8b465ee728b)  -> (artifact id: 'b2c08071d60d5af9aa256725979d212b') in 0.028682 seconds 
  Import took 0.031872 seconds .

========================================================================
Received Import Request.
  Time since last request: 0.009040 seconds.
  path: Assets/Chicken Games/2D Artistic Illustrations Pack/Illustrations/Illustration 3/full illustration.png
  artifactKey: Guid(63de18c8ac27c6f49afa2fc4b3385310) Importer(815301076,1909f56bfc062723c751e8b465ee728b)
Start importing Assets/Chicken Games/2D Artistic Illustrations Pack/Illustrations/Illustration 3/full illustration.png using Guid(63de18c8ac27c6f49afa2fc4b3385310) Importer(815301076,1909f56bfc062723c751e8b465ee728b)  -> (artifact id: 'de9d3499f25685340af8b0036ccd3a41') in 0.032698 seconds 
  Import took 0.036284 seconds .

========================================================================
Received Import Request.
  Time since last request: 0.009012 seconds.
  path: Assets/Chicken Games/2D Artistic Illustrations Pack/Illustrations/Illustration 7/layer 5.png
  artifactKey: Guid(659ddc49c24c047458768db2f9834ba4) Importer(815301076,1909f56bfc062723c751e8b465ee728b)
Start importing Assets/Chicken Games/2D Artistic Illustrations Pack/Illustrations/Illustration 7/layer 5.png using Guid(659ddc49c24c047458768db2f9834ba4) Importer(815301076,1909f56bfc062723c751e8b465ee728b)  -> (artifact id: '6205c9afcc31e5615b43824f8044e498') in 0.032661 seconds 
  Import took 0.036813 seconds .

========================================================================
Received Import Request.
  Time since last request: 0.012043 seconds.
  path: Assets/Scenes/SampleScene.unity
  artifactKey: Guid(2cda990e2423bbf4892e6590ba056729) Importer(815301076,1909f56bfc062723c751e8b465ee728b)
Start importing Assets/Scenes/SampleScene.unity using Guid(2cda990e2423bbf4892e6590ba056729) Importer(815301076,1909f56bfc062723c751e8b465ee728b)  -> (artifact id: '6b930ef621671dd4731244b850d3e21e') in 0.003351 seconds 
  Import took 0.006886 seconds .

========================================================================
Received Import Request.
  Time since last request: 0.006591 seconds.
  path: Assets/Chicken Games/2D Artistic Illustrations Pack/Illustrations/Illustration 1/layer 4.png
  artifactKey: Guid(4593cfe334c332d48a22dc71d9dfde50) Importer(815301076,1909f56bfc062723c751e8b465ee728b)
Start importing Assets/Chicken Games/2D Artistic Illustrations Pack/Illustrations/Illustration 1/layer 4.png using Guid(4593cfe334c332d48a22dc71d9dfde50) Importer(815301076,1909f56bfc062723c751e8b465ee728b)  -> (artifact id: 'a3b7348bf031b379f1e29e8cd0e3a12d') in 0.047272 seconds 
  Import took 0.050922 seconds .

========================================================================
Received Import Request.
  Time since last request: 0.017711 seconds.
  path: Assets/Chicken Games/2D Artistic Illustrations Pack/Illustrations/Illustration 6/layer 1.png
  artifactKey: Guid(b2b81148c1cb4a14cbd55f653e0e90f2) Importer(815301076,1909f56bfc062723c751e8b465ee728b)
Start importing Assets/Chicken Games/2D Artistic Illustrations Pack/Illustrations/Illustration 6/layer 1.png using Guid(b2b81148c1cb4a14cbd55f653e0e90f2) Importer(815301076,1909f56bfc062723c751e8b465ee728b)  -> (artifact id: '3be44fbd97536fa01b1b4174baf31a44') in 0.029014 seconds 
  Import took 0.032354 seconds .

========================================================================
Received Import Request.
  Time since last request: 0.011476 seconds.
  path: Assets/Chicken Games/2D Artistic Illustrations Pack/Illustrations/Illustration 7/layer 1.png
  artifactKey: Guid(87452792caa6a9843b40eea3570e04f2) Importer(815301076,1909f56bfc062723c751e8b465ee728b)
Start importing Assets/Chicken Games/2D Artistic Illustrations Pack/Illustrations/Illustration 7/layer 1.png using Guid(87452792caa6a9843b40eea3570e04f2) Importer(815301076,1909f56bfc062723c751e8b465ee728b)  -> (artifact id: 'a5c787d565220804787eae4805a6b91f') in 0.030494 seconds 
  Import took 0.034384 seconds .

========================================================================
Received Import Request.
  Time since last request: 0.035057 seconds.
  path: Assets/Chicken Games/2D Artistic Illustrations Pack/Illustrations/Illustration 6/full illustration.png
  artifactKey: Guid(674cd13d47f71624286fdf8ce71865a3) Importer(815301076,1909f56bfc062723c751e8b465ee728b)
Start importing Assets/Chicken Games/2D Artistic Illustrations Pack/Illustrations/Illustration 6/full illustration.png using Guid(674cd13d47f71624286fdf8ce71865a3) Importer(815301076,1909f56bfc062723c751e8b465ee728b)  -> (artifact id: '65540d11093a65a54a572c2b57e1f36f') in 0.028311 seconds 
  Import took 0.032242 seconds .

========================================================================
Received Import Request.
  Time since last request: 0.006254 seconds.
  path: Assets/Chicken Games/2D Artistic Illustrations Pack/Illustrations/Illustration 5/layer 1.png
  artifactKey: Guid(78b88a8156b7c4e49a62f0a4c27ef3fd) Importer(815301076,1909f56bfc062723c751e8b465ee728b)
Start importing Assets/Chicken Games/2D Artistic Illustrations Pack/Illustrations/Illustration 5/layer 1.png using Guid(78b88a8156b7c4e49a62f0a4c27ef3fd) Importer(815301076,1909f56bfc062723c751e8b465ee728b)  -> (artifact id: 'e1035800b625fd9146485a3c07293ad6') in 0.030880 seconds 
  Import took 0.034319 seconds .

========================================================================
Received Import Request.
  Time since last request: 0.007110 seconds.
  path: Assets/Chicken Games/2D Artistic Illustrations Pack/Illustrations/Illustration 7
  artifactKey: Guid(df02a989302e11f4b9f893b5b3a631a5) Importer(815301076,1909f56bfc062723c751e8b465ee728b)
Start importing Assets/Chicken Games/2D Artistic Illustrations Pack/Illustrations/Illustration 7 using Guid(df02a989302e11f4b9f893b5b3a631a5) Importer(815301076,1909f56bfc062723c751e8b465ee728b)  -> (artifact id: 'f3687db296fba0b126a7a3ddaa36ab7c') in 0.002544 seconds 
  Import took 0.005438 seconds .

========================================================================
Received Import Request.
  Time since last request: 0.016594 seconds.
  path: Assets/Chicken Games/2D Artistic Illustrations Pack/Illustrations/Illustration 4/layer 4.png
  artifactKey: Guid(7bbb36d54fc77be41966b5c15cb0d7c8) Importer(815301076,1909f56bfc062723c751e8b465ee728b)
Start importing Assets/Chicken Games/2D Artistic Illustrations Pack/Illustrations/Illustration 4/layer 4.png using Guid(7bbb36d54fc77be41966b5c15cb0d7c8) Importer(815301076,1909f56bfc062723c751e8b465ee728b)  -> (artifact id: '7e7996bfbc4bc3c3a4b449f40454c035') in 0.033146 seconds 
  Import took 0.037470 seconds .

========================================================================
Received Import Request.
  Time since last request: 0.012888 seconds.
  path: Assets/Chicken Games/2D Artistic Illustrations Pack/Illustrations/Illustration 5/layer 3.png
  artifactKey: Guid(302626b269be188438f7e40e744d71fd) Importer(815301076,1909f56bfc062723c751e8b465ee728b)
Start importing Assets/Chicken Games/2D Artistic Illustrations Pack/Illustrations/Illustration 5/layer 3.png using Guid(302626b269be188438f7e40e744d71fd) Importer(815301076,1909f56bfc062723c751e8b465ee728b)  -> (artifact id: '8caaef6917c9677bc375d93dd9f4db5a') in 0.032084 seconds 
  Import took 0.037726 seconds .

========================================================================
Received Import Request.
  Time since last request: 0.009859 seconds.
  path: Assets/Chicken Games/2D Artistic Illustrations Pack/Illustrations/Illustration 7/layer 2.png
  artifactKey: Guid(2e8d673c7749f5645b045d8f738275c9) Importer(815301076,1909f56bfc062723c751e8b465ee728b)
Start importing Assets/Chicken Games/2D Artistic Illustrations Pack/Illustrations/Illustration 7/layer 2.png using Guid(2e8d673c7749f5645b045d8f738275c9) Importer(815301076,1909f56bfc062723c751e8b465ee728b)  -> (artifact id: 'ecd9f29de35cf3cc5f333da4ef198de6') in 0.027813 seconds 
  Import took 0.032188 seconds .

========================================================================
Received Import Request.
  Time since last request: 0.010136 seconds.
  path: Assets/Chicken Games/2D Artistic Illustrations Pack/Illustrations/Illustration 1
  artifactKey: Guid(0c21a0f8b58dbfe4397db018fde4b19c) Importer(815301076,1909f56bfc062723c751e8b465ee728b)
Start importing Assets/Chicken Games/2D Artistic Illustrations Pack/Illustrations/Illustration 1 using Guid(0c21a0f8b58dbfe4397db018fde4b19c) Importer(815301076,1909f56bfc062723c751e8b465ee728b)  -> (artifact id: 'bae0307fbca64233446bc605ce7e1ea8') in 0.003892 seconds 
  Import took 0.007465 seconds .

========================================================================
Received Import Request.
  Time since last request: 0.029123 seconds.
  path: Assets/Chicken Games/2D Artistic Illustrations Pack/Illustrations/Illustration 3/illustration 3.kra
  artifactKey: Guid(c7492b4bd1352ac4e9e1e31982a89457) Importer(815301076,1909f56bfc062723c751e8b465ee728b)
Start importing Assets/Chicken Games/2D Artistic Illustrations Pack/Illustrations/Illustration 3/illustration 3.kra using Guid(c7492b4bd1352ac4e9e1e31982a89457) Importer(815301076,1909f56bfc062723c751e8b465ee728b)  -> (artifact id: 'c4b5c38043e611c26c12cb1432c1d554') in 0.003437 seconds 
  Import took 0.006635 seconds .

========================================================================
Received Import Request.
  Time since last request: 0.016507 seconds.
  path: Assets/Chicken Games/2D Artistic Illustrations Pack/Illustrations/Illustration 6/layer 3.png
  artifactKey: Guid(23da9cd4ba557e14ea86d491625d086a) Importer(815301076,1909f56bfc062723c751e8b465ee728b)
Start importing Assets/Chicken Games/2D Artistic Illustrations Pack/Illustrations/Illustration 6/layer 3.png using Guid(23da9cd4ba557e14ea86d491625d086a) Importer(815301076,1909f56bfc062723c751e8b465ee728b)  -> (artifact id: '75ba5217110f889869f1e7a17ceed766') in 0.030201 seconds 
  Import took 0.033939 seconds .

========================================================================
Received Import Request.
  Time since last request: 0.003544 seconds.
  path: Assets/Chicken Games/2D Artistic Illustrations Pack/Illustrations/Illustration 5
  artifactKey: Guid(0d67643324d433941b4755110f187159) Importer(815301076,1909f56bfc062723c751e8b465ee728b)
Start importing Assets/Chicken Games/2D Artistic Illustrations Pack/Illustrations/Illustration 5 using Guid(0d67643324d433941b4755110f187159) Importer(815301076,1909f56bfc062723c751e8b465ee728b)  -> (artifact id: '1fbea26fbfa9521f22fc5b396921f56f') in 0.002987 seconds 
  Import took 0.006271 seconds .

========================================================================
Received Import Request.
  Time since last request: 0.004965 seconds.
  path: Assets/Chicken Games/2D Artistic Illustrations Pack/Illustrations/Illustration 7/layer 3.png
  artifactKey: Guid(9e8b1736930c10147a201cdf39e4efcf) Importer(815301076,1909f56bfc062723c751e8b465ee728b)
Start importing Assets/Chicken Games/2D Artistic Illustrations Pack/Illustrations/Illustration 7/layer 3.png using Guid(9e8b1736930c10147a201cdf39e4efcf) Importer(815301076,1909f56bfc062723c751e8b465ee728b)  -> (artifact id: 'e0e76b75fbc153199e1aa4879ca0b94a') in 0.031624 seconds 
  Import took 0.035786 seconds .

========================================================================
Received Import Request.
  Time since last request: 0.005881 seconds.
  path: Assets/Chicken Games/2D Artistic Illustrations Pack/Illustrations/Illustration 1/layer 2.png
  artifactKey: Guid(a137544edaddc3d46a2460e0aa19a2be) Importer(815301076,1909f56bfc062723c751e8b465ee728b)
Start importing Assets/Chicken Games/2D Artistic Illustrations Pack/Illustrations/Illustration 1/layer 2.png using Guid(a137544edaddc3d46a2460e0aa19a2be) Importer(815301076,1909f56bfc062723c751e8b465ee728b)  -> (artifact id: '6843229375b8294f5baf5fb3bfb97771') in 0.032278 seconds 
  Import took 0.035935 seconds .

========================================================================
Received Import Request.
  Time since last request: 0.017214 seconds.
  path: Assets/Chicken Games/2D Artistic Illustrations Pack/Illustrations/Illustration 5/illustration 5.kra
  artifactKey: Guid(ebff7788911062f40905b8880cb24987) Importer(815301076,1909f56bfc062723c751e8b465ee728b)
Start importing Assets/Chicken Games/2D Artistic Illustrations Pack/Illustrations/Illustration 5/illustration 5.kra using Guid(ebff7788911062f40905b8880cb24987) Importer(815301076,1909f56bfc062723c751e8b465ee728b)  -> (artifact id: '26c245899c450954b2aec589f256381f') in 0.003851 seconds 
  Import took 0.007046 seconds .

========================================================================
Received Import Request.
  Time since last request: 0.033673 seconds.
  path: Assets/Chicken Games/2D Artistic Illustrations Pack/Illustrations/Illustration 7/Illustration 7.kra
  artifactKey: Guid(3383c2104c0d9f54db8bca76a0172a69) Importer(815301076,1909f56bfc062723c751e8b465ee728b)
Start importing Assets/Chicken Games/2D Artistic Illustrations Pack/Illustrations/Illustration 7/Illustration 7.kra using Guid(3383c2104c0d9f54db8bca76a0172a69) Importer(815301076,1909f56bfc062723c751e8b465ee728b)  -> (artifact id: '8d84df37cb94293abb0c086f22666e48') in 0.003163 seconds 
  Import took 0.006512 seconds .

========================================================================
Received Import Request.
  Time since last request: 0.012419 seconds.
  path: Assets/Chicken Games/2D Artistic Illustrations Pack/Illustrations/Illustration 4/layer 3.png
  artifactKey: Guid(c7b56de72c95e6b4c84d50e1f52ad801) Importer(815301076,1909f56bfc062723c751e8b465ee728b)
Start importing Assets/Chicken Games/2D Artistic Illustrations Pack/Illustrations/Illustration 4/layer 3.png using Guid(c7b56de72c95e6b4c84d50e1f52ad801) Importer(815301076,1909f56bfc062723c751e8b465ee728b)  -> (artifact id: '579328254f503e5d8502c198f028a006') in 0.031037 seconds 
  Import took 0.034635 seconds .

========================================================================
Received Import Request.
  Time since last request: 0.058738 seconds.
  path: Assets/Chicken Games/2D Artistic Illustrations Pack/Illustrations/Illustration 1/illustration 1.psd
  artifactKey: Guid(52235f741c7b97e469b064c3010a321d) Importer(815301076,1909f56bfc062723c751e8b465ee728b)
Start importing Assets/Chicken Games/2D Artistic Illustrations Pack/Illustrations/Illustration 1/illustration 1.psd using Guid(52235f741c7b97e469b064c3010a321d) Importer(815301076,1909f56bfc062723c751e8b465ee728b)  -> (artifact id: 'e5de69bd003f5411bbb4ea88c37915a5') in 0.026857 seconds 
  Import took 0.030826 seconds .

========================================================================
Received Import Request.
  Time since last request: 0.015659 seconds.
  path: Assets/Chicken Games/2D Artistic Illustrations Pack/Illustrations/Illustration 5/full illustration.png
  artifactKey: Guid(1e5e5f4a07d220c45945c6a40976fc28) Importer(815301076,1909f56bfc062723c751e8b465ee728b)
Start importing Assets/Chicken Games/2D Artistic Illustrations Pack/Illustrations/Illustration 5/full illustration.png using Guid(1e5e5f4a07d220c45945c6a40976fc28) Importer(815301076,1909f56bfc062723c751e8b465ee728b)  -> (artifact id: 'df03c149aea7926362de8a532763dcb9') in 0.026910 seconds 
  Import took 0.030325 seconds .

========================================================================
Received Import Request.
  Time since last request: 0.012550 seconds.
  path: Assets/Chicken Games/2D Artistic Illustrations Pack/Illustrations/Illustration 3/layer 2.png
  artifactKey: Guid(4ffe28a29399ae940b7d9fba9b59c8ab) Importer(815301076,1909f56bfc062723c751e8b465ee728b)
Start importing Assets/Chicken Games/2D Artistic Illustrations Pack/Illustrations/Illustration 3/layer 2.png using Guid(4ffe28a29399ae940b7d9fba9b59c8ab) Importer(815301076,1909f56bfc062723c751e8b465ee728b)  -> (artifact id: 'd5cc787b4fc466b8cc6c6155741f9482') in 0.029381 seconds 
  Import took 0.033148 seconds .

========================================================================
Received Import Request.
  Time since last request: 0.008637 seconds.
  path: Assets/Chicken Games/2D Artistic Illustrations Pack/Illustrations/Illustration 6
  artifactKey: Guid(be6b1928f737197448d245e6abba2f01) Importer(815301076,1909f56bfc062723c751e8b465ee728b)
Start importing Assets/Chicken Games/2D Artistic Illustrations Pack/Illustrations/Illustration 6 using Guid(be6b1928f737197448d245e6abba2f01) Importer(815301076,1909f56bfc062723c751e8b465ee728b)  -> (artifact id: '458ffccbef1618350443c48912c9e58a') in 0.002736 seconds 
  Import took 0.005640 seconds .

========================================================================
Received Import Request.
  Time since last request: 0.046058 seconds.
  path: Assets/Chicken Games/2D Artistic Illustrations Pack/Illustrations/Illustration 1/layer 1 .png
  artifactKey: Guid(8d5eb84ede8435442865c8ab0ae2ce00) Importer(815301076,1909f56bfc062723c751e8b465ee728b)
Start importing Assets/Chicken Games/2D Artistic Illustrations Pack/Illustrations/Illustration 1/layer 1 .png using Guid(8d5eb84ede8435442865c8ab0ae2ce00) Importer(815301076,1909f56bfc062723c751e8b465ee728b)  -> (artifact id: '1bc0f10bfce0e7b69a787c4635034de9') in 0.028172 seconds 
  Import took 0.031704 seconds .

========================================================================
Received Import Request.
  Time since last request: 0.007579 seconds.
  path: Assets/Chicken Games/2D Artistic Illustrations Pack/Illustrations/Illustration 4/layer 1.png
  artifactKey: Guid(aec39cc4ec9061d44bde5ec7f6f35c42) Importer(815301076,1909f56bfc062723c751e8b465ee728b)
Start importing Assets/Chicken Games/2D Artistic Illustrations Pack/Illustrations/Illustration 4/layer 1.png using Guid(aec39cc4ec9061d44bde5ec7f6f35c42) Importer(815301076,1909f56bfc062723c751e8b465ee728b)  -> (artifact id: 'e7de3fdddf755cccefafb21ab5bc2aeb') in 0.041348 seconds 
  Import took 0.044534 seconds .

========================================================================
Received Import Request.
  Time since last request: 0.011685 seconds.
  path: Assets/Chicken Games/2D Artistic Illustrations Pack/Illustrations/Illustration 6/layer 5.png
  artifactKey: Guid(3bff9cf3609965546a294b8df27f2532) Importer(815301076,1909f56bfc062723c751e8b465ee728b)
Start importing Assets/Chicken Games/2D Artistic Illustrations Pack/Illustrations/Illustration 6/layer 5.png using Guid(3bff9cf3609965546a294b8df27f2532) Importer(815301076,1909f56bfc062723c751e8b465ee728b)  -> (artifact id: '7181deaa0be722bb0d097c074a216498') in 0.029840 seconds 
  Import took 0.033908 seconds .

========================================================================
Received Import Request.
  Time since last request: 0.022926 seconds.
  path: Assets/Chicken Games/2D Artistic Illustrations Pack/Illustrations/Illustration 3/illustration 3.psd
  artifactKey: Guid(5f76452afe247ba4894841ff68531c36) Importer(815301076,1909f56bfc062723c751e8b465ee728b)
Start importing Assets/Chicken Games/2D Artistic Illustrations Pack/Illustrations/Illustration 3/illustration 3.psd using Guid(5f76452afe247ba4894841ff68531c36) Importer(815301076,1909f56bfc062723c751e8b465ee728b)  -> (artifact id: '8c2c866a05537c99d0d05a38974fcb7b') in 0.027699 seconds 
  Import took 0.031151 seconds .

========================================================================
Received Import Request.
  Time since last request: 0.024937 seconds.
  path: Assets/Chicken Games/2D Artistic Illustrations Pack/Illustrations/Illustration 5/Illustration 5.psd
  artifactKey: Guid(3464b47ed6267ee489550d5291f341c0) Importer(815301076,1909f56bfc062723c751e8b465ee728b)
Start importing Assets/Chicken Games/2D Artistic Illustrations Pack/Illustrations/Illustration 5/Illustration 5.psd using Guid(3464b47ed6267ee489550d5291f341c0) Importer(815301076,1909f56bfc062723c751e8b465ee728b)  -> (artifact id: '80bd778f62f26da029d988239f8d0b64') in 0.027290 seconds 
  Import took 0.030556 seconds .

========================================================================
Received Import Request.
  Time since last request: 0.018026 seconds.
  path: Assets/Chicken Games/2D Artistic Illustrations Pack/Illustrations/Illustration 4/layer 2.png
  artifactKey: Guid(0f576dadfbebc2e4b862853b349437f5) Importer(815301076,1909f56bfc062723c751e8b465ee728b)
Start importing Assets/Chicken Games/2D Artistic Illustrations Pack/Illustrations/Illustration 4/layer 2.png using Guid(0f576dadfbebc2e4b862853b349437f5) Importer(815301076,1909f56bfc062723c751e8b465ee728b)  -> (artifact id: 'aec8cca7b88be9b509648c13e33d1aa1') in 0.031473 seconds 
  Import took 0.035275 seconds .

========================================================================
Received Import Request.
  Time since last request: 0.008287 seconds.
  path: Assets/Chicken Games/2D Artistic Illustrations Pack/Illustrations/Illustration 5/layer 2.png
  artifactKey: Guid(f241450616924e14593388b1b2ed326c) Importer(815301076,1909f56bfc062723c751e8b465ee728b)
Start importing Assets/Chicken Games/2D Artistic Illustrations Pack/Illustrations/Illustration 5/layer 2.png using Guid(f241450616924e14593388b1b2ed326c) Importer(815301076,1909f56bfc062723c751e8b465ee728b)  -> (artifact id: '2300049458939905ea7e7f7c934eca44') in 0.024451 seconds 
  Import took 0.028095 seconds .

========================================================================
Received Import Request.
  Time since last request: 0.008451 seconds.
  path: Assets/Chicken Games/2D Artistic Illustrations Pack/Illustrations/Illustration 6/layer 4.png
  artifactKey: Guid(d34f37dd9434a2f429adb7c192ce5b83) Importer(815301076,1909f56bfc062723c751e8b465ee728b)
Start importing Assets/Chicken Games/2D Artistic Illustrations Pack/Illustrations/Illustration 6/layer 4.png using Guid(d34f37dd9434a2f429adb7c192ce5b83) Importer(815301076,1909f56bfc062723c751e8b465ee728b)  -> (artifact id: '751837b0443f5a03e476b4cc87b9e6f6') in 0.029413 seconds 
  Import took 0.033778 seconds .

========================================================================
Received Import Request.
  Time since last request: 0.022226 seconds.
  path: Assets/Chicken Games/2D Artistic Illustrations Pack/Illustrations/Illustration 6/Illustration 6.psd
  artifactKey: Guid(f6549e96d6675c54bbf8f3834434b17b) Importer(815301076,1909f56bfc062723c751e8b465ee728b)
Start importing Assets/Chicken Games/2D Artistic Illustrations Pack/Illustrations/Illustration 6/Illustration 6.psd using Guid(f6549e96d6675c54bbf8f3834434b17b) Importer(815301076,1909f56bfc062723c751e8b465ee728b)  -> (artifact id: '8e327e4c104fb18fcad1f6e159f00adf') in 0.027133 seconds 
  Import took 0.030593 seconds .

========================================================================
Received Import Request.
  Time since last request: 0.035224 seconds.
  path: Assets/Chicken Games/2D Artistic Illustrations Pack/Illustrations/Illustration 4/illustration 4.psd
  artifactKey: Guid(e402c6f1ea6b47f4ca7c34f00555e71f) Importer(815301076,1909f56bfc062723c751e8b465ee728b)
Start importing Assets/Chicken Games/2D Artistic Illustrations Pack/Illustrations/Illustration 4/illustration 4.psd using Guid(e402c6f1ea6b47f4ca7c34f00555e71f) Importer(815301076,1909f56bfc062723c751e8b465ee728b)  -> (artifact id: '4b2260099187fb3d1b9992850995b8ab') in 0.028296 seconds 
  Import took 0.031594 seconds .

AssetImportWorkerClient::OnTransportError - code=2 error=End of file
