Using pre-set license
Built from '2020.3/release' branch; Version is '2020.3.27f1 (e759542391ea) revision 15161684'; Using compiler version '192528614'; Build Type 'Release'
OS: 'Windows 11  (10.0.22000) 64bit Core' Language: 'fr' Physical Memory: 16249 MB
BatchMode: 1, IsHumanControllingUs: 0, StartBugReporterOnCrash: 0, Is64bit: 1, IsPro: 0

COMMAND LINE ARGUMENTS:
C:\Program Files\Unity\Hub\Editor\2020.3.27f1\Editor\Unity.exe
-adb2
-batchMode
-noUpm
-name
AssetImportWorker0
-projectPath
C:/Users/alexi/Mon Drive/Unity/Projets/Neige et particules 2D
-logFile
Logs/AssetImportWorker0.log
-srvPort
57311
Successfully changed project path to: C:/Users/alexi/Mon Drive/Unity/Projets/Neige et particules 2D
C:/Users/alexi/Mon Drive/Unity/Projets/Neige et particules 2D
Using Asset Import Pipeline V2.
Refreshing native plugins compatible for Editor in 45.19 ms, found 3 plugins.
Preloading 0 native plugins for Editor in 0.00 ms.
Initialize engine version: 2020.3.27f1 (e759542391ea)
[Subsystems] Discovering subsystems at path C:/Program Files/Unity/Hub/Editor/2020.3.27f1/Editor/Data/Resources/UnitySubsystems
[Subsystems] Discovering subsystems at path C:/Users/alexi/Mon Drive/Unity/Projets/Neige et particules 2D/Assets
GfxDevice: creating device client; threaded=0
Direct3D:
    Version:  Direct3D 11.0 [level 11.1]
    Renderer: NVIDIA GeForce GTX 1660 SUPER (ID=0x21c4)
    Vendor:   
    VRAM:     5992 MB
    Driver:   30.0.14.7208
Initialize mono
Mono path[0] = 'C:/Program Files/Unity/Hub/Editor/2020.3.27f1/Editor/Data/Managed'
Mono path[1] = 'C:/Program Files/Unity/Hub/Editor/2020.3.27f1/Editor/Data/MonoBleedingEdge/lib/mono/unityjit'
Mono config path = 'C:/Program Files/Unity/Hub/Editor/2020.3.27f1/Editor/Data/MonoBleedingEdge/etc'
Using monoOptions --debugger-agent=transport=dt_socket,embedding=1,server=y,suspend=n,address=127.0.0.1:56996
Begin MonoManager ReloadAssembly
Registering precompiled unity dll's ...
Register platform support module: C:/Program Files/Unity/Hub/Editor/2020.3.27f1/Editor/Data/PlaybackEngines/WindowsStandaloneSupport/UnityEditor.WindowsStandalone.Extensions.dll
Registered in 0.001505 seconds.
Native extension for WindowsStandalone target not found
Refreshing native plugins compatible for Editor in 44.00 ms, found 3 plugins.
Preloading 0 native plugins for Editor in 0.00 ms.
Mono: successfully reloaded assembly
- Completed reload, in  0.549 seconds
Domain Reload Profiling:
	ReloadAssembly (549ms)
		BeginReloadAssembly (60ms)
			ExecutionOrderSort (0ms)
			DisableScriptedObjects (0ms)
			BackupInstance (0ms)
			ReleaseScriptingObjects (0ms)
			CreateAndSetChildDomain (1ms)
		EndReloadAssembly (426ms)
			LoadAssemblies (58ms)
			RebuildTransferFunctionScriptingTraits (0ms)
			SetupTypeCache (141ms)
			ReleaseScriptCaches (0ms)
			RebuildScriptCaches (27ms)
			SetupLoadedEditorAssemblies (168ms)
				LogAssemblyErrors (0ms)
				InitializePlatformSupportModulesInManaged (4ms)
				SetLoadedEditorAssemblies (0ms)
				RefreshPlugins (44ms)
				BeforeProcessingInitializeOnLoad (16ms)
				ProcessInitializeOnLoadAttributes (79ms)
				ProcessInitializeOnLoadMethodAttributes (25ms)
				AfterProcessingInitializeOnLoad (0ms)
				EditorAssembliesLoaded (0ms)
			ExecutionOrderSort2 (0ms)
			AwakeInstancesAfterBackupRestoration (0ms)
Platform modules already initialized, skipping
Registering precompiled user dll's ...
Registered in 0.004465 seconds.
Begin MonoManager ReloadAssembly
Native extension for WindowsStandalone target not found
Refreshing native plugins compatible for Editor in 43.75 ms, found 3 plugins.
Preloading 0 native plugins for Editor in 0.00 ms.
Mono: successfully reloaded assembly
- Completed reload, in  1.026 seconds
Domain Reload Profiling:
	ReloadAssembly (1027ms)
		BeginReloadAssembly (136ms)
			ExecutionOrderSort (0ms)
			DisableScriptedObjects (4ms)
			BackupInstance (0ms)
			ReleaseScriptingObjects (0ms)
			CreateAndSetChildDomain (17ms)
		EndReloadAssembly (837ms)
			LoadAssemblies (94ms)
			RebuildTransferFunctionScriptingTraits (0ms)
			SetupTypeCache (271ms)
			ReleaseScriptCaches (0ms)
			RebuildScriptCaches (41ms)
			SetupLoadedEditorAssemblies (319ms)
				LogAssemblyErrors (0ms)
				InitializePlatformSupportModulesInManaged (3ms)
				SetLoadedEditorAssemblies (0ms)
				RefreshPlugins (44ms)
				BeforeProcessingInitializeOnLoad (76ms)
				ProcessInitializeOnLoadAttributes (175ms)
				ProcessInitializeOnLoadMethodAttributes (16ms)
				AfterProcessingInitializeOnLoad (5ms)
				EditorAssembliesLoaded (0ms)
			ExecutionOrderSort2 (0ms)
			AwakeInstancesAfterBackupRestoration (6ms)
Platform modules already initialized, skipping
========================================================================
Worker process is ready to serve import requests
Launched and connected shader compiler UnityShaderCompiler.exe after 0.03 seconds
Refreshing native plugins compatible for Editor in 0.47 ms, found 3 plugins.
Preloading 0 native plugins for Editor in 0.00 ms.
Unloading 2197 Unused Serialized files (Serialized files now loaded: 0)
System memory in use before: 96.0 MB.
System memory in use after: 95.9 MB.

Unloading 34 unused Assets to reduce memory usage. Loaded Objects now: 2624.
Total: 2.758800 ms (FindLiveObjects: 0.168400 ms CreateObjectMapping: 0.072400 ms MarkObjects: 2.394400 ms  DeleteObjects: 0.122700 ms)

AssetImportParameters requested are different than current active one (requested -> active):
  custom:framework-win-MediaFoundation: 216162199b28c13a410421893ffa2e32 -> 
  custom:video-decoder-ogg-theora: a1e56fd34408186e4bbccfd4996cb3dc -> 
  custom:container-muxer-webm: aa71ff27fc2769a1b78a27578f13a17b -> 
  custom:container-demuxer-webm: 4f35f7cbe854078d1ac9338744f61a02 -> 
  custom:container-demuxer-ogg: 62fdf1f143b41e24485cea50d1cbac27 -> 
  custom:video-encoder-webm-vp8: eb34c28f22e8b96e1ab97ce403110664 -> 
  custom:video-codec-MediaFoundation-h265: 746d11721c4dcdbdad8f713fa42b33f4 -> 
  custom:video-decoder-webm-vp8: 9c59270c3fd7afecdb556c50c9e8de78 -> 
  custom:audio-decoder-ogg-vorbis: bf7c407c2cedff20999df2af8eb42d56 -> 
  custom:audio-encoder-webm-vorbis: bf7c407c2cedff20999df2af8eb42d56 -> 
========================================================================
Received Import Request.
  path: Assets/Tileset - snow.png
  artifactKey: Guid(b2d2c847cec40da428390543821ec0e4) Importer(815301076,1909f56bfc062723c751e8b465ee728b)
Start importing Assets/Tileset - snow.png using Guid(b2d2c847cec40da428390543821ec0e4) Importer(815301076,1909f56bfc062723c751e8b465ee728b)  -> (artifact id: 'f6ca4672840e9b600595402aed48fced') in 0.113012 seconds 
  Import took 0.116096 seconds .

========================================================================
Received Import Request.
  Time since last request: 10.129219 seconds.
  path: Assets/Tileset - snow.png
  artifactKey: Guid(b2d2c847cec40da428390543821ec0e4) Importer(815301076,1909f56bfc062723c751e8b465ee728b)
Start importing Assets/Tileset - snow.png using Guid(b2d2c847cec40da428390543821ec0e4) Importer(815301076,1909f56bfc062723c751e8b465ee728b)  -> (artifact id: 'c35ccd9108ec1e1362c09a8792bbd0bc') in 0.008294 seconds 
  Import took 0.012350 seconds .

========================================================================
Received Import Request.
  Time since last request: 23.096601 seconds.
  path: Assets/Tileset - snow.png
  artifactKey: Guid(b2d2c847cec40da428390543821ec0e4) Importer(815301076,1909f56bfc062723c751e8b465ee728b)
Start importing Assets/Tileset - snow.png using Guid(b2d2c847cec40da428390543821ec0e4) Importer(815301076,1909f56bfc062723c751e8b465ee728b)  -> (artifact id: '79ed465b89156609311e6d679f7031ed') in 0.156062 seconds 
  Import took 0.159628 seconds .

========================================================================
Received Import Request.
  Time since last request: 58.770905 seconds.
  path: Assets/Tileset - snow.png
  artifactKey: Guid(b2d2c847cec40da428390543821ec0e4) Importer(815301076,1909f56bfc062723c751e8b465ee728b)
Start importing Assets/Tileset - snow.png using Guid(b2d2c847cec40da428390543821ec0e4) Importer(815301076,1909f56bfc062723c751e8b465ee728b)  -> (artifact id: 'bd569acba1a6d9e6d6dde49c83129cd5') in 0.128647 seconds 
  Import took 0.133292 seconds .

========================================================================
Received Import Request.
  Time since last request: 1899.317000 seconds.
  path: Assets/Night Mointains Lake/Background .png
  artifactKey: Guid(8cdab9af5e3c441cc97197fec5bd07e4) Importer(815301076,1909f56bfc062723c751e8b465ee728b)
Start importing Assets/Night Mointains Lake/Background .png using Guid(8cdab9af5e3c441cc97197fec5bd07e4) Importer(815301076,1909f56bfc062723c751e8b465ee728b)  -> (artifact id: '0cdc1ae4f9829b9585c667048877077b') in 0.031792 seconds 
  Import took 0.036880 seconds .

========================================================================
Received Import Request.
  Time since last request: 0.000229 seconds.
  path: Assets/Night Mointains Lake/First.png
  artifactKey: Guid(29868d38a075a4102a8d49aca7459199) Importer(815301076,1909f56bfc062723c751e8b465ee728b)
Start importing Assets/Night Mointains Lake/First.png using Guid(29868d38a075a4102a8d49aca7459199) Importer(815301076,1909f56bfc062723c751e8b465ee728b)  -> (artifact id: '1a9e93135aa852930a5c0217ec03c8aa') in 0.015298 seconds 
  Import took 0.019282 seconds .

========================================================================
Received Import Request.
  Time since last request: 0.000240 seconds.
  path: Assets/Night Mointains Lake/Mountains 4.png
  artifactKey: Guid(ed221d3d967504123a6a31ea9efdec81) Importer(815301076,1909f56bfc062723c751e8b465ee728b)
Start importing Assets/Night Mointains Lake/Mountains 4.png using Guid(ed221d3d967504123a6a31ea9efdec81) Importer(815301076,1909f56bfc062723c751e8b465ee728b)  -> (artifact id: '066c35b7431d4f32767bbc14f477838d') in 0.019669 seconds 
  Import took 0.023337 seconds .

========================================================================
Received Import Request.
  Time since last request: 0.000204 seconds.
  path: Assets/Night Mointains Lake/Moon.png
  artifactKey: Guid(6417e6e0f0d394c43af1ecdc60bd10dd) Importer(815301076,1909f56bfc062723c751e8b465ee728b)
Start importing Assets/Night Mointains Lake/Moon.png using Guid(6417e6e0f0d394c43af1ecdc60bd10dd) Importer(815301076,1909f56bfc062723c751e8b465ee728b)  -> (artifact id: '299231065ab4752ab3e6518047e3d686') in 0.056567 seconds 
  Import took 0.060035 seconds .

========================================================================
Received Import Request.
  Time since last request: 0.000293 seconds.
  path: Assets/Night Mointains Lake/Mountains 2.png
  artifactKey: Guid(087c678185b9548cd8453f4daa034fe9) Importer(815301076,1909f56bfc062723c751e8b465ee728b)
Start importing Assets/Night Mointains Lake/Mountains 2.png using Guid(087c678185b9548cd8453f4daa034fe9) Importer(815301076,1909f56bfc062723c751e8b465ee728b)  -> (artifact id: 'cc348037f62aac3f4c3befc5c62927f0') in 0.021261 seconds 
  Import took 0.025165 seconds .

========================================================================
Received Import Request.
  Time since last request: 0.000208 seconds.
  path: Assets/Night Mointains Lake/Mountains 3.png
  artifactKey: Guid(9b5f5877465784c53a9efe4fabd5ba92) Importer(815301076,1909f56bfc062723c751e8b465ee728b)
Start importing Assets/Night Mointains Lake/Mountains 3.png using Guid(9b5f5877465784c53a9efe4fabd5ba92) Importer(815301076,1909f56bfc062723c751e8b465ee728b)  -> (artifact id: '156f7386cbc05a0b0eec397123cc76d6') in 0.016335 seconds 
  Import took 0.019678 seconds .

========================================================================
Received Import Request.
  Time since last request: 0.000227 seconds.
  path: Assets/Night Mointains Lake/BackMountans.png
  artifactKey: Guid(7af9025362f79498fa2c2e74d329ec59) Importer(815301076,1909f56bfc062723c751e8b465ee728b)
Start importing Assets/Night Mointains Lake/BackMountans.png using Guid(7af9025362f79498fa2c2e74d329ec59) Importer(815301076,1909f56bfc062723c751e8b465ee728b)  -> (artifact id: '79b6c06fe5ceba7e0f206779964b85ae') in 0.019017 seconds 
  Import took 0.023229 seconds .

========================================================================
Received Import Request.
  Time since last request: 0.000213 seconds.
  path: Assets/Night Mointains Lake/NML.png
  artifactKey: Guid(d26f4f125235142d4af2761d3fa66dbb) Importer(815301076,1909f56bfc062723c751e8b465ee728b)
Start importing Assets/Night Mointains Lake/NML.png using Guid(d26f4f125235142d4af2761d3fa66dbb) Importer(815301076,1909f56bfc062723c751e8b465ee728b)  -> (artifact id: '597c1cba7be4800dd4ddd20078dc9196') in 0.013095 seconds 
  Import took 0.016610 seconds .

========================================================================
Received Import Request.
  Time since last request: 0.000240 seconds.
  path: Assets/Night Mointains Lake/LAke.png
  artifactKey: Guid(1631386a8a47748089f8566dddd4ca30) Importer(815301076,1909f56bfc062723c751e8b465ee728b)
Start importing Assets/Night Mointains Lake/LAke.png using Guid(1631386a8a47748089f8566dddd4ca30) Importer(815301076,1909f56bfc062723c751e8b465ee728b)  -> (artifact id: '950261f17ecafc57461c9aec750117ea') in 0.011739 seconds 
  Import took 0.016118 seconds .

========================================================================
Received Import Request.
  Time since last request: 0.000329 seconds.
  path: Assets/Night Mointains Lake/NML.psd
  artifactKey: Guid(3377ca66dda724742a2cca5ef974ec83) Importer(815301076,1909f56bfc062723c751e8b465ee728b)
Start importing Assets/Night Mointains Lake/NML.psd using Guid(3377ca66dda724742a2cca5ef974ec83) Importer(815301076,1909f56bfc062723c751e8b465ee728b)  -> (artifact id: '9afaa9cb14c5867503cbc8779e944909') in 0.031475 seconds 
  Import took 0.036477 seconds .

========================================================================
Received Prepare
Registering precompiled user dll's ...
Registered in 0.004494 seconds.
Begin MonoManager ReloadAssembly
Native extension for WindowsStandalone target not found
Refreshing native plugins compatible for Editor in 0.52 ms, found 3 plugins.
Preloading 0 native plugins for Editor in 0.00 ms.
Mono: successfully reloaded assembly
- Completed reload, in  1.044 seconds
Domain Reload Profiling:
	ReloadAssembly (1044ms)
		BeginReloadAssembly (127ms)
			ExecutionOrderSort (0ms)
			DisableScriptedObjects (7ms)
			BackupInstance (0ms)
			ReleaseScriptingObjects (0ms)
			CreateAndSetChildDomain (41ms)
		EndReloadAssembly (860ms)
			LoadAssemblies (99ms)
			RebuildTransferFunctionScriptingTraits (0ms)
			SetupTypeCache (312ms)
			ReleaseScriptCaches (1ms)
			RebuildScriptCaches (47ms)
			SetupLoadedEditorAssemblies (300ms)
				LogAssemblyErrors (0ms)
				InitializePlatformSupportModulesInManaged (5ms)
				SetLoadedEditorAssemblies (1ms)
				RefreshPlugins (1ms)
				BeforeProcessingInitializeOnLoad (87ms)
				ProcessInitializeOnLoadAttributes (190ms)
				ProcessInitializeOnLoadMethodAttributes (11ms)
				AfterProcessingInitializeOnLoad (5ms)
				EditorAssembliesLoaded (0ms)
			ExecutionOrderSort2 (0ms)
			AwakeInstancesAfterBackupRestoration (9ms)
Platform modules already initialized, skipping
Refreshing native plugins compatible for Editor in 0.55 ms, found 3 plugins.
Preloading 0 native plugins for Editor in 0.00 ms.
Unloading 2192 Unused Serialized files (Serialized files now loaded: 0)
System memory in use before: 98.9 MB.
System memory in use after: 98.9 MB.

Unloading 23 unused Assets to reduce memory usage. Loaded Objects now: 2644.
Total: 3.600100 ms (FindLiveObjects: 0.182300 ms CreateObjectMapping: 0.077500 ms MarkObjects: 3.191300 ms  DeleteObjects: 0.147600 ms)

AssetImportParameters requested are different than current active one (requested -> active):
  custom:framework-win-MediaFoundation: 216162199b28c13a410421893ffa2e32 -> 
  custom:video-decoder-ogg-theora: a1e56fd34408186e4bbccfd4996cb3dc -> 
  custom:container-muxer-webm: aa71ff27fc2769a1b78a27578f13a17b -> 
  custom:container-demuxer-webm: 4f35f7cbe854078d1ac9338744f61a02 -> 
  custom:container-demuxer-ogg: 62fdf1f143b41e24485cea50d1cbac27 -> 
  custom:video-encoder-webm-vp8: eb34c28f22e8b96e1ab97ce403110664 -> 
  custom:video-codec-MediaFoundation-h265: 746d11721c4dcdbdad8f713fa42b33f4 -> 
  custom:video-decoder-webm-vp8: 9c59270c3fd7afecdb556c50c9e8de78 -> 
  custom:audio-decoder-ogg-vorbis: bf7c407c2cedff20999df2af8eb42d56 -> 
  custom:audio-encoder-webm-vorbis: bf7c407c2cedff20999df2af8eb42d56 -> 
========================================================================
Received Prepare
Registering precompiled user dll's ...
Registered in 0.005481 seconds.
Begin MonoManager ReloadAssembly
Native extension for WindowsStandalone target not found
Refreshing native plugins compatible for Editor in 0.51 ms, found 3 plugins.
Preloading 0 native plugins for Editor in 0.00 ms.
Mono: successfully reloaded assembly
- Completed reload, in  1.010 seconds
Domain Reload Profiling:
	ReloadAssembly (1011ms)
		BeginReloadAssembly (117ms)
			ExecutionOrderSort (0ms)
			DisableScriptedObjects (7ms)
			BackupInstance (0ms)
			ReleaseScriptingObjects (0ms)
			CreateAndSetChildDomain (35ms)
		EndReloadAssembly (831ms)
			LoadAssemblies (105ms)
			RebuildTransferFunctionScriptingTraits (0ms)
			SetupTypeCache (297ms)
			ReleaseScriptCaches (1ms)
			RebuildScriptCaches (44ms)
			SetupLoadedEditorAssemblies (293ms)
				LogAssemblyErrors (0ms)
				InitializePlatformSupportModulesInManaged (4ms)
				SetLoadedEditorAssemblies (0ms)
				RefreshPlugins (1ms)
				BeforeProcessingInitializeOnLoad (87ms)
				ProcessInitializeOnLoadAttributes (183ms)
				ProcessInitializeOnLoadMethodAttributes (12ms)
				AfterProcessingInitializeOnLoad (6ms)
				EditorAssembliesLoaded (0ms)
			ExecutionOrderSort2 (0ms)
			AwakeInstancesAfterBackupRestoration (10ms)
Platform modules already initialized, skipping
Refreshing native plugins compatible for Editor in 0.82 ms, found 3 plugins.
Preloading 0 native plugins for Editor in 0.00 ms.
Unloading 2192 Unused Serialized files (Serialized files now loaded: 0)
System memory in use before: 99.0 MB.
System memory in use after: 98.9 MB.

Unloading 23 unused Assets to reduce memory usage. Loaded Objects now: 2646.
Total: 2.830200 ms (FindLiveObjects: 0.177000 ms CreateObjectMapping: 0.078100 ms MarkObjects: 2.456400 ms  DeleteObjects: 0.117600 ms)

AssetImportParameters requested are different than current active one (requested -> active):
  custom:framework-win-MediaFoundation: 216162199b28c13a410421893ffa2e32 -> 
  custom:video-decoder-ogg-theora: a1e56fd34408186e4bbccfd4996cb3dc -> 
  custom:container-muxer-webm: aa71ff27fc2769a1b78a27578f13a17b -> 
  custom:container-demuxer-webm: 4f35f7cbe854078d1ac9338744f61a02 -> 
  custom:container-demuxer-ogg: 62fdf1f143b41e24485cea50d1cbac27 -> 
  custom:video-encoder-webm-vp8: eb34c28f22e8b96e1ab97ce403110664 -> 
  custom:video-codec-MediaFoundation-h265: 746d11721c4dcdbdad8f713fa42b33f4 -> 
  custom:video-decoder-webm-vp8: 9c59270c3fd7afecdb556c50c9e8de78 -> 
  custom:audio-decoder-ogg-vorbis: bf7c407c2cedff20999df2af8eb42d56 -> 
  custom:audio-encoder-webm-vorbis: bf7c407c2cedff20999df2af8eb42d56 -> 
AssetImportWorkerClient::OnTransportError - code=2 error=End of file
